# JRE version: Java(TM) SE Runtime Environment (8.0_25-b18) (build 1.8.0_25-b18)
# Java VM: Java HotSpot(TM) 64-Bit Server VM (25.25-b02 mixed mode windows-amd64 compressed oops)
Heap:
 PSYoungGen      total 29696K, used 18702K [0x00000000f5580000, 0x00000000f7700000, 0x0000000100000000)
  eden space 25088K, 61% used [0x00000000f5580000,0x00000000f649b3a8,0x00000000f6e00000)
  from space 4608K, 70% used [0x00000000f7280000,0x00000000f75a85a0,0x00000000f7700000)
  to   space 4608K, 0% used [0x00000000f6e00000,0x00000000f6e00000,0x00000000f7280000)
 ParOldGen       total 97280K, used 69045K [0x00000000e0000000, 0x00000000e5f00000, 0x00000000f5580000)
  object space 97280K, 70% used [0x00000000e0000000,0x00000000e436d760,0x00000000e5f00000)
 Metaspace       used 85653K, capacity 91866K, committed 92032K, reserved 1130496K
  class space    used 9823K, capacity 11847K, committed 11904K, reserved 1048576K
GC Heap History (10 events):
Event: 4997.526 GC heap before
{Heap before GC invocations=123 (full 3):
 PSYoungGen      total 29696K, used 27916K [0x00000000f5580000, 0x00000000f7680000, 0x0000000100000000)
  eden space 25600K, 100% used [0x00000000f5580000,0x00000000f6e80000,0x00000000f6e80000)
  from space 4096K, 56% used [0x00000000f6e80000,0x00000000f70c3010,0x00000000f7280000)
  to   space 4096K, 0% used [0x00000000f7280000,0x00000000f7280000,0x00000000f7680000)
 ParOldGen       total 97280K, used 68781K [0x00000000e0000000, 0x00000000e5f00000, 0x00000000f5580000)
  object space 97280K, 70% used [0x00000000e0000000,0x00000000e432b750,0x00000000e5f00000)
 Metaspace       used 84774K, capacity 91286K, committed 91392K, reserved 1128448K
  class space    used 9716K, capacity 11719K, committed 11776K, reserved 1048576K
Event: 4997.530 GC heap after
Heap after GC invocations=123 (full 3):
 PSYoungGen      total 29696K, used 2408K [0x00000000f5580000, 0x00000000f7680000, 0x0000000100000000)
  eden space 25600K, 0% used [0x00000000f5580000,0x00000000f5580000,0x00000000f6e80000)
  from space 4096K, 58% used [0x00000000f7280000,0x00000000f74da1f0,0x00000000f7680000)
  to   space 4096K, 0% used [0x00000000f6e80000,0x00000000f6e80000,0x00000000f7280000)
 ParOldGen       total 97280K, used 68805K [0x00000000e0000000, 0x00000000e5f00000, 0x00000000f5580000)
  object space 97280K, 70% used [0x00000000e0000000,0x00000000e4331750,0x00000000e5f00000)
 Metaspace       used 84774K, capacity 91286K, committed 91392K, reserved 1128448K
  class space    used 9716K, capacity 11719K, committed 11776K, reserved 1048576K
}
Event: 4999.398 GC heap before
{Heap before GC invocations=124 (full 3):
 PSYoungGen      total 29696K, used 28008K [0x00000000f5580000, 0x00000000f7680000, 0x0000000100000000)
  eden space 25600K, 100% used [0x00000000f5580000,0x00000000f6e80000,0x00000000f6e80000)
  from space 4096K, 58% used [0x00000000f7280000,0x00000000f74da1f0,0x00000000f7680000)
  to   space 4096K, 0% used [0x00000000f6e80000,0x00000000f6e80000,0x00000000f7280000)
 ParOldGen       total 97280K, used 68805K [0x00000000e0000000, 0x00000000e5f00000, 0x00000000f5580000)
  object space 97280K, 70% used [0x00000000e0000000,0x00000000e4331750,0x00000000e5f00000)
 Metaspace       used 84779K, capacity 91286K, committed 91392K, reserved 1128448K
  class space    used 9716K, capacity 11719K, committed 11776K, reserved 1048576K
Event: 4999.402 GC heap after
Heap after GC invocations=124 (full 3):
 PSYoungGen      total 29696K, used 3420K [0x00000000f5580000, 0x00000000f7680000, 0x0000000100000000)
  eden space 25600K, 0% used [0x00000000f5580000,0x00000000f5580000,0x00000000f6e80000)
  from space 4096K, 83% used [0x00000000f6e80000,0x00000000f71d7050,0x00000000f7280000)
  to   space 4096K, 0% used [0x00000000f7280000,0x00000000f7280000,0x00000000f7680000)
 ParOldGen       total 97280K, used 68829K [0x00000000e0000000, 0x00000000e5f00000, 0x00000000f5580000)
  object space 97280K, 70% used [0x00000000e0000000,0x00000000e4337750,0x00000000e5f00000)
 Metaspace       used 84779K, capacity 91286K, committed 91392K, reserved 1128448K
  class space    used 9716K, capacity 11719K, committed 11776K, reserved 1048576K
}
Event: 5003.439 GC heap before
{Heap before GC invocations=125 (full 3):
 PSYoungGen      total 29696K, used 29020K [0x00000000f5580000, 0x00000000f7680000, 0x0000000100000000)
  eden space 25600K, 100% used [0x00000000f5580000,0x00000000f6e80000,0x00000000f6e80000)
  from space 4096K, 83% used [0x00000000f6e80000,0x00000000f71d7050,0x00000000f7280000)
  to   space 4096K, 0% used [0x00000000f7280000,0x00000000f7280000,0x00000000f7680000)
 ParOldGen       total 97280K, used 68829K [0x00000000e0000000, 0x00000000e5f00000, 0x00000000f5580000)
  object space 97280K, 70% used [0x00000000e0000000,0x00000000e4337750,0x00000000e5f00000)
 Metaspace       used 84790K, capacity 91286K, committed 91392K, reserved 1128448K
  class space    used 9716K, capacity 11719K, committed 11776K, reserved 1048576K
Event: 5003.443 GC heap after
Heap after GC invocations=125 (full 3):
 PSYoungGen      total 29184K, used 3388K [0x00000000f5580000, 0x00000000f7780000, 0x0000000100000000)
  eden space 25088K, 0% used [0x00000000f5580000,0x00000000f5580000,0x00000000f6e00000)
  from space 4096K, 82% used [0x00000000f7280000,0x00000000f75cf030,0x00000000f7680000)
  to   space 4608K, 0% used [0x00000000f6e00000,0x00000000f6e00000,0x00000000f7280000)
 ParOldGen       total 97280K, used 68917K [0x00000000e0000000, 0x00000000e5f00000, 0x00000000f5580000)
  object space 97280K, 70% used [0x00000000e0000000,0x00000000e434d750,0x00000000e5f00000)
 Metaspace       used 84790K, capacity 91286K, committed 91392K, reserved 1128448K
  class space    used 9716K, capacity 11719K, committed 11776K, reserved 1048576K
}
Event: 5005.437 GC heap before
{Heap before GC invocations=126 (full 3):
 PSYoungGen      total 29184K, used 28476K [0x00000000f5580000, 0x00000000f7780000, 0x0000000100000000)
  eden space 25088K, 100% used [0x00000000f5580000,0x00000000f6e00000,0x00000000f6e00000)
  from space 4096K, 82% used [0x00000000f7280000,0x00000000f75cf030,0x00000000f7680000)
  to   space 4608K, 0% used [0x00000000f6e00000,0x00000000f6e00000,0x00000000f7280000)
 ParOldGen       total 97280K, used 68917K [0x00000000e0000000, 0x00000000e5f00000, 0x00000000f5580000)
  object space 97280K, 70% used [0x00000000e0000000,0x00000000e434d750,0x00000000e5f00000)
 Metaspace       used 84805K, capacity 91286K, committed 91392K, reserved 1128448K
  class space    used 9716K, capacity 11719K, committed 11776K, reserved 1048576K
Event: 5005.442 GC heap after
Heap after GC invocations=126 (full 3):
 PSYoungGen      total 29696K, used 3628K [0x00000000f5580000, 0x00000000f7700000, 0x0000000100000000)
  eden space 25088K, 0% used [0x00000000f5580000,0x00000000f5580000,0x00000000f6e00000)
  from space 4608K, 78% used [0x00000000f6e00000,0x00000000f718b040,0x00000000f7280000)
  to   space 4608K, 0% used [0x00000000f7280000,0x00000000f7280000,0x00000000f7700000)
 ParOldGen       total 97280K, used 69005K [0x00000000e0000000, 0x00000000e5f00000, 0x00000000f5580000)
  object space 97280K, 70% used [0x00000000e0000000,0x00000000e4363750,0x00000000e5f00000)
 Metaspace       used 84805K, capacity 91286K, committed 91392K, reserved 1128448K
  class space    used 9716K, capacity 11719K, committed 11776K, reserved 1048576K
}
Event: 5108.991 GC heap before
{Heap before GC invocations=127 (full 3):
 PSYoungGen      total 29696K, used 28716K [0x00000000f5580000, 0x00000000f7700000, 0x0000000100000000)
  eden space 25088K, 100% used [0x00000000f5580000,0x00000000f6e00000,0x00000000f6e00000)
  from space 4608K, 78% used [0x00000000f6e00000,0x00000000f718b040,0x00000000f7280000)
  to   space 4608K, 0% used [0x00000000f7280000,0x00000000f7280000,0x00000000f7700000)
 ParOldGen       total 97280K, used 69005K [0x00000000e0000000, 0x00000000e5f00000, 0x00000000f5580000)
  object space 97280K, 70% used [0x00000000e0000000,0x00000000e4363750,0x00000000e5f00000)
 Metaspace       used 84991K, capacity 91482K, committed 91776K, reserved 1128448K
  class space    used 9745K, capacity 11783K, committed 11904K, reserved 1048576K
Event: 5109.002 GC heap after
Heap after GC invocations=127 (full 3):
 PSYoungGen      total 29696K, used 3233K [0x00000000f5580000, 0x00000000f7700000, 0x0000000100000000)
  eden space 25088K, 0% used [0x00000000f5580000,0x00000000f5580000,0x00000000f6e00000)
  from space 4608K, 70% used [0x00000000f7280000,0x00000000f75a85a0,0x00000000f7700000)
  to   space 4608K, 0% used [0x00000000f6e00000,0x00000000f6e00000,0x00000000f7280000)
 ParOldGen       total 97280K, used 69045K [0x00000000e0000000, 0x00000000e5f00000, 0x00000000f5580000)
  object space 97280K, 70% used [0x00000000e0000000,0x00000000e436d760,0x00000000e5f00000)
 Metaspace       used 84991K, capacity 91482K, committed 91776K, reserved 1128448K
  class space    used 9745K, capacity 11783K, committed 11904K, reserved 1048576K
}

