# JRE version: Java(TM) SE Runtime Environment (8.0_25-b18) (build 1.8.0_25-b18)
# Java VM: Java HotSpot(TM) 64-Bit Server VM (25.25-b02 mixed mode windows-amd64 compressed oops)
Heap:
 PSYoungGen      total 154112K, used 40033K [0x00000000f5580000, 0x00000000ffc00000, 0x0000000100000000)
  eden space 140288K, 25% used [0x00000000f5580000,0x00000000f78590e8,0x00000000fde80000)
  from space 13824K, 31% used [0x00000000fde80000,0x00000000fe2bf478,0x00000000fec00000)
  to   space 12800K, 0% used [0x00000000fef80000,0x00000000fef80000,0x00000000ffc00000)
 ParOldGen       total 99328K, used 47987K [0x00000000e0000000, 0x00000000e6100000, 0x00000000f5580000)
  object space 99328K, 48% used [0x00000000e0000000,0x00000000e2edcea0,0x00000000e6100000)
 Metaspace       used 88527K, capacity 94662K, committed 94808K, reserved 1132544K
  class space    used 10702K, capacity 12630K, committed 12632K, reserved 1048576K
GC Heap History (10 events):
Event: 1124.781 GC heap before
{Heap before GC invocations=57 (full 21):
 PSYoungGen      total 154112K, used 8292K [0x00000000f5580000, 0x00000000ffc80000, 0x0000000100000000)
  eden space 138752K, 0% used [0x00000000f5580000,0x00000000f5580000,0x00000000fdd00000)
  from space 15360K, 53% used [0x00000000fec80000,0x00000000ff499388,0x00000000ffb80000)
  to   space 15872K, 0% used [0x00000000fdd00000,0x00000000fdd00000,0x00000000fec80000)
 ParOldGen       total 99328K, used 40175K [0x00000000e0000000, 0x00000000e6100000, 0x00000000f5580000)
  object space 99328K, 40% used [0x00000000e0000000,0x00000000e273bed8,0x00000000e6100000)
 Metaspace       used 84220K, capacity 90150K, committed 90456K, reserved 1128448K
  class space    used 10219K, capacity 12071K, committed 12120K, reserved 1048576K
Event: 1125.069 GC heap after
Heap after GC invocations=57 (full 21):
 PSYoungGen      total 154112K, used 0K [0x00000000f5580000, 0x00000000ffc80000, 0x0000000100000000)
  eden space 138752K, 0% used [0x00000000f5580000,0x00000000f5580000,0x00000000fdd00000)
  from space 15360K, 0% used [0x00000000fec80000,0x00000000fec80000,0x00000000ffb80000)
  to   space 15872K, 0% used [0x00000000fdd00000,0x00000000fdd00000,0x00000000fec80000)
 ParOldGen       total 99328K, used 45982K [0x00000000e0000000, 0x00000000e6100000, 0x00000000f5580000)
  object space 99328K, 46% used [0x00000000e0000000,0x00000000e2ce7878,0x00000000e6100000)
 Metaspace       used 84220K, capacity 90150K, committed 90456K, reserved 1128448K
  class space    used 10219K, capacity 12071K, committed 12120K, reserved 1048576K
}
Event: 1285.294 GC heap before
{Heap before GC invocations=58 (full 21):
 PSYoungGen      total 154112K, used 74906K [0x00000000f5580000, 0x00000000ffc80000, 0x0000000100000000)
  eden space 138752K, 53% used [0x00000000f5580000,0x00000000f9ea69b0,0x00000000fdd00000)
  from space 15360K, 0% used [0x00000000fec80000,0x00000000fec80000,0x00000000ffb80000)
  to   space 15872K, 0% used [0x00000000fdd00000,0x00000000fdd00000,0x00000000fec80000)
 ParOldGen       total 99328K, used 45982K [0x00000000e0000000, 0x00000000e6100000, 0x00000000f5580000)
  object space 99328K, 46% used [0x00000000e0000000,0x00000000e2ce7878,0x00000000e6100000)
 Metaspace       used 86045K, capacity 92162K, committed 92248K, reserved 1128448K
  class space    used 10455K, capacity 12335K, committed 12376K, reserved 1048576K
Event: 1285.342 GC heap after
Heap after GC invocations=58 (full 21):
 PSYoungGen      total 143360K, used 4538K [0x00000000f5580000, 0x00000000ffa80000, 0x0000000100000000)
  eden space 138752K, 0% used [0x00000000f5580000,0x00000000f5580000,0x00000000fdd00000)
  from space 4608K, 98% used [0x00000000fdd00000,0x00000000fe16eab0,0x00000000fe180000)
  to   space 14848K, 0% used [0x00000000fec00000,0x00000000fec00000,0x00000000ffa80000)
 ParOldGen       total 99328K, used 45990K [0x00000000e0000000, 0x00000000e6100000, 0x00000000f5580000)
  object space 99328K, 46% used [0x00000000e0000000,0x00000000e2ce9878,0x00000000e6100000)
 Metaspace       used 86045K, capacity 92162K, committed 92248K, reserved 1128448K
  class space    used 10455K, capacity 12335K, committed 12376K, reserved 1048576K
}
Event: 1285.342 GC heap before
{Heap before GC invocations=59 (full 22):
 PSYoungGen      total 143360K, used 4538K [0x00000000f5580000, 0x00000000ffa80000, 0x0000000100000000)
  eden space 138752K, 0% used [0x00000000f5580000,0x00000000f5580000,0x00000000fdd00000)
  from space 4608K, 98% used [0x00000000fdd00000,0x00000000fe16eab0,0x00000000fe180000)
  to   space 14848K, 0% used [0x00000000fec00000,0x00000000fec00000,0x00000000ffa80000)
 ParOldGen       total 99328K, used 45990K [0x00000000e0000000, 0x00000000e6100000, 0x00000000f5580000)
  object space 99328K, 46% used [0x00000000e0000000,0x00000000e2ce9878,0x00000000e6100000)
 Metaspace       used 86045K, capacity 92162K, committed 92248K, reserved 1128448K
  class space    used 10455K, capacity 12335K, committed 12376K, reserved 1048576K
Event: 1285.721 GC heap after
Heap after GC invocations=59 (full 22):
 PSYoungGen      total 143360K, used 0K [0x00000000f5580000, 0x00000000ffa80000, 0x0000000100000000)
  eden space 138752K, 0% used [0x00000000f5580000,0x00000000f5580000,0x00000000fdd00000)
  from space 4608K, 0% used [0x00000000fdd00000,0x00000000fdd00000,0x00000000fe180000)
  to   space 14848K, 0% used [0x00000000fec00000,0x00000000fec00000,0x00000000ffa80000)
 ParOldGen       total 99328K, used 47971K [0x00000000e0000000, 0x00000000e6100000, 0x00000000f5580000)
  object space 99328K, 48% used [0x00000000e0000000,0x00000000e2ed8ea0,0x00000000e6100000)
 Metaspace       used 86045K, capacity 92162K, committed 92248K, reserved 1128448K
  class space    used 10455K, capacity 12335K, committed 12376K, reserved 1048576K
}
Event: 1351.851 GC heap before
{Heap before GC invocations=60 (full 22):
 PSYoungGen      total 143360K, used 138752K [0x00000000f5580000, 0x00000000ffa80000, 0x0000000100000000)
  eden space 138752K, 100% used [0x00000000f5580000,0x00000000fdd00000,0x00000000fdd00000)
  from space 4608K, 0% used [0x00000000fdd00000,0x00000000fdd00000,0x00000000fe180000)
  to   space 14848K, 0% used [0x00000000fec00000,0x00000000fec00000,0x00000000ffa80000)
 ParOldGen       total 99328K, used 47971K [0x00000000e0000000, 0x00000000e6100000, 0x00000000f5580000)
  object space 99328K, 48% used [0x00000000e0000000,0x00000000e2ed8ea0,0x00000000e6100000)
 Metaspace       used 87363K, capacity 93600K, committed 93656K, reserved 1130496K
  class space    used 10603K, capacity 12494K, committed 12504K, reserved 1048576K
Event: 1351.858 GC heap after
Heap after GC invocations=60 (full 22):
 PSYoungGen      total 155136K, used 4136K [0x00000000f5580000, 0x00000000ffe00000, 0x0000000100000000)
  eden space 140288K, 0% used [0x00000000f5580000,0x00000000f5580000,0x00000000fde80000)
  from space 14848K, 27% used [0x00000000fec00000,0x00000000ff00a160,0x00000000ffa80000)
  to   space 13824K, 0% used [0x00000000fde80000,0x00000000fde80000,0x00000000fec00000)
 ParOldGen       total 99328K, used 47979K [0x00000000e0000000, 0x00000000e6100000, 0x00000000f5580000)
  object space 99328K, 48% used [0x00000000e0000000,0x00000000e2edaea0,0x00000000e6100000)
 Metaspace       used 87363K, capacity 93600K, committed 93656K, reserved 1130496K
  class space    used 10603K, capacity 12494K, committed 12504K, reserved 1048576K
}
Event: 1408.331 GC heap before
{Heap before GC invocations=61 (full 22):
 PSYoungGen      total 155136K, used 144424K [0x00000000f5580000, 0x00000000ffe00000, 0x0000000100000000)
  eden space 140288K, 100% used [0x00000000f5580000,0x00000000fde80000,0x00000000fde80000)
  from space 14848K, 27% used [0x00000000fec00000,0x00000000ff00a160,0x00000000ffa80000)
  to   space 13824K, 0% used [0x00000000fde80000,0x00000000fde80000,0x00000000fec00000)
 ParOldGen       total 99328K, used 47979K [0x00000000e0000000, 0x00000000e6100000, 0x00000000f5580000)
  object space 99328K, 48% used [0x00000000e0000000,0x00000000e2edaea0,0x00000000e6100000)
 Metaspace       used 87846K, capacity 94104K, committed 94296K, reserved 1130496K
  class space    used 10632K, capacity 12530K, committed 12632K, reserved 1048576K
Event: 1408.338 GC heap after
Heap after GC invocations=61 (full 22):
 PSYoungGen      total 154112K, used 4349K [0x00000000f5580000, 0x00000000ffc00000, 0x0000000100000000)
  eden space 140288K, 0% used [0x00000000f5580000,0x00000000f5580000,0x00000000fde80000)
  from space 13824K, 31% used [0x00000000fde80000,0x00000000fe2bf478,0x00000000fec00000)
  to   space 12800K, 0% used [0x00000000fef80000,0x00000000fef80000,0x00000000ffc00000)
 ParOldGen       total 99328K, used 47987K [0x00000000e0000000, 0x00000000e6100000, 0x00000000f5580000)
  object space 99328K, 48% used [0x00000000e0000000,0x00000000e2edcea0,0x00000000e6100000)
 Metaspace       used 87846K, capacity 94104K, committed 94296K, reserved 1130496K
  class space    used 10632K, capacity 12530K, committed 12632K, reserved 1048576K
}

