# JRE version: Java(TM) SE Runtime Environment (8.0_25-b18) (build 1.8.0_25-b18)
# Java VM: Java HotSpot(TM) 64-Bit Server VM (25.25-b02 mixed mode windows-amd64 compressed oops)
Heap:
 PSYoungGen      total 62976K, used 12388K [0x00000000f5580000, 0x00000000faa80000, 0x0000000100000000)
  eden space 38400K, 28% used [0x00000000f5580000,0x00000000f600fb98,0x00000000f7b00000)
  from space 24576K, 6% used [0x00000000f7b00000,0x00000000f7c89718,0x00000000f9300000)
  to   space 24064K, 0% used [0x00000000f9300000,0x00000000f9300000,0x00000000faa80000)
 ParOldGen       total 102912K, used 35664K [0x00000000e0000000, 0x00000000e6480000, 0x00000000f5580000)
  object space 102912K, 34% used [0x00000000e0000000,0x00000000e22d4268,0x00000000e6480000)
 Metaspace       used 81518K, capacity 87376K, committed 87640K, reserved 1124352K
  class space    used 9836K, capacity 11751K, committed 11864K, reserved 1048576K
GC Heap History (10 events):
Event: 2697.348 GC heap before
{Heap before GC invocations=40 (full 3):
 PSYoungGen      total 63488K, used 10544K [0x00000000f5580000, 0x00000000fae00000, 0x0000000100000000)
  eden space 38400K, 19% used [0x00000000f5580000,0x00000000f5cf23a0,0x00000000f7b00000)
  from space 25088K, 11% used [0x00000000f9580000,0x00000000f9859cd8,0x00000000fae00000)
  to   space 26112K, 0% used [0x00000000f7b00000,0x00000000f7b00000,0x00000000f9480000)
 ParOldGen       total 102912K, used 52423K [0x00000000e0000000, 0x00000000e6480000, 0x00000000f5580000)
  object space 102912K, 50% used [0x00000000e0000000,0x00000000e3331e98,0x00000000e6480000)
 Metaspace       used 80635K, capacity 86574K, committed 86616K, reserved 1124352K
  class space    used 9712K, capacity 11602K, committed 11608K, reserved 1048576K
Event: 2697.352 GC heap after
Heap after GC invocations=40 (full 3):
 PSYoungGen      total 40960K, used 2343K [0x00000000f5580000, 0x00000000fac00000, 0x0000000100000000)
  eden space 38400K, 0% used [0x00000000f5580000,0x00000000f5580000,0x00000000f7b00000)
  from space 2560K, 91% used [0x00000000f7b00000,0x00000000f7d49cd8,0x00000000f7d80000)
  to   space 25088K, 0% used [0x00000000f9380000,0x00000000f9380000,0x00000000fac00000)
 ParOldGen       total 102912K, used 52463K [0x00000000e0000000, 0x00000000e6480000, 0x00000000f5580000)
  object space 102912K, 50% used [0x00000000e0000000,0x00000000e333be98,0x00000000e6480000)
 Metaspace       used 80635K, capacity 86574K, committed 86616K, reserved 1124352K
  class space    used 9712K, capacity 11602K, committed 11608K, reserved 1048576K
}
Event: 2697.352 GC heap before
{Heap before GC invocations=41 (full 4):
 PSYoungGen      total 40960K, used 2343K [0x00000000f5580000, 0x00000000fac00000, 0x0000000100000000)
  eden space 38400K, 0% used [0x00000000f5580000,0x00000000f5580000,0x00000000f7b00000)
  from space 2560K, 91% used [0x00000000f7b00000,0x00000000f7d49cd8,0x00000000f7d80000)
  to   space 25088K, 0% used [0x00000000f9380000,0x00000000f9380000,0x00000000fac00000)
 ParOldGen       total 102912K, used 52463K [0x00000000e0000000, 0x00000000e6480000, 0x00000000f5580000)
  object space 102912K, 50% used [0x00000000e0000000,0x00000000e333be98,0x00000000e6480000)
 Metaspace       used 80635K, capacity 86574K, committed 86616K, reserved 1124352K
  class space    used 9712K, capacity 11602K, committed 11608K, reserved 1048576K
Event: 2697.624 GC heap after
Heap after GC invocations=41 (full 4):
 PSYoungGen      total 40960K, used 0K [0x00000000f5580000, 0x00000000fac00000, 0x0000000100000000)
  eden space 38400K, 0% used [0x00000000f5580000,0x00000000f5580000,0x00000000f7b00000)
  from space 2560K, 0% used [0x00000000f7b00000,0x00000000f7b00000,0x00000000f7d80000)
  to   space 25088K, 0% used [0x00000000f9380000,0x00000000f9380000,0x00000000fac00000)
 ParOldGen       total 102912K, used 36349K [0x00000000e0000000, 0x00000000e6480000, 0x00000000f5580000)
  object space 102912K, 35% used [0x00000000e0000000,0x00000000e237f618,0x00000000e6480000)
 Metaspace       used 80580K, capacity 86484K, committed 86616K, reserved 1124352K
  class space    used 9703K, capacity 11587K, committed 11608K, reserved 1048576K
}
Event: 2790.526 GC heap before
{Heap before GC invocations=42 (full 4):
 PSYoungGen      total 40960K, used 368K [0x00000000f5580000, 0x00000000fac00000, 0x0000000100000000)
  eden space 38400K, 0% used [0x00000000f5580000,0x00000000f55dc230,0x00000000f7b00000)
  from space 2560K, 0% used [0x00000000f7b00000,0x00000000f7b00000,0x00000000f7d80000)
  to   space 25088K, 0% used [0x00000000f9380000,0x00000000f9380000,0x00000000fac00000)
 ParOldGen       total 102912K, used 36349K [0x00000000e0000000, 0x00000000e6480000, 0x00000000f5580000)
  object space 102912K, 35% used [0x00000000e0000000,0x00000000e237f618,0x00000000e6480000)
 Metaspace       used 80584K, capacity 86484K, committed 86616K, reserved 1124352K
  class space    used 9704K, capacity 11587K, committed 11608K, reserved 1048576K
Event: 2790.533 GC heap after
Heap after GC invocations=42 (full 4):
 PSYoungGen      total 62464K, used 64K [0x00000000f5580000, 0x00000000fab00000, 0x0000000100000000)
  eden space 38400K, 0% used [0x00000000f5580000,0x00000000f5580000,0x00000000f7b00000)
  from space 24064K, 0% used [0x00000000f9380000,0x00000000f9390000,0x00000000fab00000)
  to   space 24576K, 0% used [0x00000000f7b00000,0x00000000f7b00000,0x00000000f9300000)
 ParOldGen       total 102912K, used 36349K [0x00000000e0000000, 0x00000000e6480000, 0x00000000f5580000)
  object space 102912K, 35% used [0x00000000e0000000,0x00000000e237f618,0x00000000e6480000)
 Metaspace       used 80584K, capacity 86484K, committed 86616K, reserved 1124352K
  class space    used 9704K, capacity 11587K, committed 11608K, reserved 1048576K
}
Event: 2790.533 GC heap before
{Heap before GC invocations=43 (full 5):
 PSYoungGen      total 62464K, used 64K [0x00000000f5580000, 0x00000000fab00000, 0x0000000100000000)
  eden space 38400K, 0% used [0x00000000f5580000,0x00000000f5580000,0x00000000f7b00000)
  from space 24064K, 0% used [0x00000000f9380000,0x00000000f9390000,0x00000000fab00000)
  to   space 24576K, 0% used [0x00000000f7b00000,0x00000000f7b00000,0x00000000f9300000)
 ParOldGen       total 102912K, used 36349K [0x00000000e0000000, 0x00000000e6480000, 0x00000000f5580000)
  object space 102912K, 35% used [0x00000000e0000000,0x00000000e237f618,0x00000000e6480000)
 Metaspace       used 80584K, capacity 86484K, committed 86616K, reserved 1124352K
  class space    used 9704K, capacity 11587K, committed 11608K, reserved 1048576K
Event: 2790.850 GC heap after
Heap after GC invocations=43 (full 5):
 PSYoungGen      total 62464K, used 0K [0x00000000f5580000, 0x00000000fab00000, 0x0000000100000000)
  eden space 38400K, 0% used [0x00000000f5580000,0x00000000f5580000,0x00000000f7b00000)
  from space 24064K, 0% used [0x00000000f9380000,0x00000000f9380000,0x00000000fab00000)
  to   space 24576K, 0% used [0x00000000f7b00000,0x00000000f7b00000,0x00000000f9300000)
 ParOldGen       total 102912K, used 35656K [0x00000000e0000000, 0x00000000e6480000, 0x00000000f5580000)
  object space 102912K, 34% used [0x00000000e0000000,0x00000000e22d2268,0x00000000e6480000)
 Metaspace       used 80584K, capacity 86484K, committed 86616K, reserved 1124352K
  class space    used 9704K, capacity 11587K, committed 11608K, reserved 1048576K
}
Event: 2850.055 GC heap before
{Heap before GC invocations=44 (full 5):
 PSYoungGen      total 62464K, used 38400K [0x00000000f5580000, 0x00000000fab00000, 0x0000000100000000)
  eden space 38400K, 100% used [0x00000000f5580000,0x00000000f7b00000,0x00000000f7b00000)
  from space 24064K, 0% used [0x00000000f9380000,0x00000000f9380000,0x00000000fab00000)
  to   space 24576K, 0% used [0x00000000f7b00000,0x00000000f7b00000,0x00000000f9300000)
 ParOldGen       total 102912K, used 35656K [0x00000000e0000000, 0x00000000e6480000, 0x00000000f5580000)
  object space 102912K, 34% used [0x00000000e0000000,0x00000000e22d2268,0x00000000e6480000)
 Metaspace       used 81070K, capacity 86992K, committed 87256K, reserved 1124352K
  class space    used 9789K, capacity 11687K, committed 11736K, reserved 1048576K
Event: 2850.059 GC heap after
Heap after GC invocations=44 (full 5):
 PSYoungGen      total 62976K, used 1573K [0x00000000f5580000, 0x00000000faa80000, 0x0000000100000000)
  eden space 38400K, 0% used [0x00000000f5580000,0x00000000f5580000,0x00000000f7b00000)
  from space 24576K, 6% used [0x00000000f7b00000,0x00000000f7c89718,0x00000000f9300000)
  to   space 24064K, 0% used [0x00000000f9300000,0x00000000f9300000,0x00000000faa80000)
 ParOldGen       total 102912K, used 35664K [0x00000000e0000000, 0x00000000e6480000, 0x00000000f5580000)
  object space 102912K, 34% used [0x00000000e0000000,0x00000000e22d4268,0x00000000e6480000)
 Metaspace       used 81070K, capacity 86992K, committed 87256K, reserved 1124352K
  class space    used 9789K, capacity 11687K, committed 11736K, reserved 1048576K
}

