# JRE version: Java(TM) SE Runtime Environment (8.0_25-b18) (build 1.8.0_25-b18)
# Java VM: Java HotSpot(TM) 64-Bit Server VM (25.25-b02 mixed mode windows-amd64 compressed oops)
Heap:
 PSYoungGen      total 64512K, used 42900K [0x00000000f5580000, 0x00000000fb400000, 0x0000000100000000)
  eden space 48640K, 56% used [0x00000000f5580000,0x00000000f7044198,0x00000000f8500000)
  from space 15872K, 97% used [0x00000000f8600000,0x00000000f9521070,0x00000000f9580000)
  to   space 24064K, 0% used [0x00000000f9c80000,0x00000000f9c80000,0x00000000fb400000)
 ParOldGen       total 102400K, used 34100K [0x00000000e0000000, 0x00000000e6400000, 0x00000000f5580000)
  object space 102400K, 33% used [0x00000000e0000000,0x00000000e214d320,0x00000000e6400000)
 Metaspace       used 75570K, capacity 81300K, committed 81368K, reserved 1120256K
  class space    used 9404K, capacity 11240K, committed 11264K, reserved 1048576K
GC Heap History (10 events):
Event: 2832.467 GC heap before
{Heap before GC invocations=20 (full 3):
 PSYoungGen      total 77312K, used 69524K [0x00000000f5580000, 0x00000000fba00000, 0x0000000100000000)
  eden space 53760K, 100% used [0x00000000f5580000,0x00000000f8a00000,0x00000000f8a00000)
  from space 23552K, 66% used [0x00000000fa300000,0x00000000fb265060,0x00000000fba00000)
  to   space 24576K, 0% used [0x00000000f8a00000,0x00000000f8a00000,0x00000000fa200000)
 ParOldGen       total 102400K, used 34076K [0x00000000e0000000, 0x00000000e6400000, 0x00000000f5580000)
  object space 102400K, 33% used [0x00000000e0000000,0x00000000e2147320,0x00000000e6400000)
 Metaspace       used 74495K, capacity 80252K, committed 80472K, reserved 1118208K
  class space    used 9283K, capacity 11107K, committed 11136K, reserved 1048576K
Event: 2832.478 GC heap after
Heap after GC invocations=20 (full 3):
 PSYoungGen      total 68608K, used 15572K [0x00000000f5580000, 0x00000000fb900000, 0x0000000100000000)
  eden space 52736K, 0% used [0x00000000f5580000,0x00000000f5580000,0x00000000f8900000)
  from space 15872K, 98% used [0x00000000f8a00000,0x00000000f9935080,0x00000000f9980000)
  to   space 24576K, 0% used [0x00000000fa100000,0x00000000fa100000,0x00000000fb900000)
 ParOldGen       total 102400K, used 34084K [0x00000000e0000000, 0x00000000e6400000, 0x00000000f5580000)
  object space 102400K, 33% used [0x00000000e0000000,0x00000000e2149320,0x00000000e6400000)
 Metaspace       used 74495K, capacity 80252K, committed 80472K, reserved 1118208K
  class space    used 9283K, capacity 11107K, committed 11136K, reserved 1048576K
}
Event: 3923.739 GC heap before
{Heap before GC invocations=21 (full 3):
 PSYoungGen      total 68608K, used 68308K [0x00000000f5580000, 0x00000000fb900000, 0x0000000100000000)
  eden space 52736K, 100% used [0x00000000f5580000,0x00000000f8900000,0x00000000f8900000)
  from space 15872K, 98% used [0x00000000f8a00000,0x00000000f9935080,0x00000000f9980000)
  to   space 24576K, 0% used [0x00000000fa100000,0x00000000fa100000,0x00000000fb900000)
 ParOldGen       total 102400K, used 34084K [0x00000000e0000000, 0x00000000e6400000, 0x00000000f5580000)
  object space 102400K, 33% used [0x00000000e0000000,0x00000000e2149320,0x00000000e6400000)
 Metaspace       used 74535K, capacity 80316K, committed 80472K, reserved 1118208K
  class space    used 9283K, capacity 11107K, committed 11136K, reserved 1048576K
Event: 3923.751 GC heap after
Heap after GC invocations=21 (full 3):
 PSYoungGen      total 75264K, used 15556K [0x00000000f5580000, 0x00000000fb800000, 0x0000000100000000)
  eden space 51712K, 0% used [0x00000000f5580000,0x00000000f5580000,0x00000000f8800000)
  from space 23552K, 66% used [0x00000000fa100000,0x00000000fb031070,0x00000000fb800000)
  to   space 24576K, 0% used [0x00000000f8800000,0x00000000f8800000,0x00000000fa000000)
 ParOldGen       total 102400K, used 34092K [0x00000000e0000000, 0x00000000e6400000, 0x00000000f5580000)
  object space 102400K, 33% used [0x00000000e0000000,0x00000000e214b320,0x00000000e6400000)
 Metaspace       used 74535K, capacity 80316K, committed 80472K, reserved 1118208K
  class space    used 9283K, capacity 11107K, committed 11136K, reserved 1048576K
}
Event: 5102.135 GC heap before
{Heap before GC invocations=22 (full 3):
 PSYoungGen      total 75264K, used 67268K [0x00000000f5580000, 0x00000000fb800000, 0x0000000100000000)
  eden space 51712K, 100% used [0x00000000f5580000,0x00000000f8800000,0x00000000f8800000)
  from space 23552K, 66% used [0x00000000fa100000,0x00000000fb031070,0x00000000fb800000)
  to   space 24576K, 0% used [0x00000000f8800000,0x00000000f8800000,0x00000000fa000000)
 ParOldGen       total 102400K, used 34092K [0x00000000e0000000, 0x00000000e6400000, 0x00000000f5580000)
  object space 102400K, 33% used [0x00000000e0000000,0x00000000e214b320,0x00000000e6400000)
 Metaspace       used 74549K, capacity 80316K, committed 80472K, reserved 1118208K
  class space    used 9283K, capacity 11107K, committed 11136K, reserved 1048576K
Event: 5102.145 GC heap after
Heap after GC invocations=22 (full 3):
 PSYoungGen      total 66560K, used 15536K [0x00000000f5580000, 0x00000000fb700000, 0x0000000100000000)
  eden space 50688K, 0% used [0x00000000f5580000,0x00000000f5580000,0x00000000f8700000)
  from space 15872K, 97% used [0x00000000f8800000,0x00000000f972c240,0x00000000f9780000)
  to   space 24576K, 0% used [0x00000000f9f00000,0x00000000f9f00000,0x00000000fb700000)
 ParOldGen       total 102400K, used 34092K [0x00000000e0000000, 0x00000000e6400000, 0x00000000f5580000)
  object space 102400K, 33% used [0x00000000e0000000,0x00000000e214b320,0x00000000e6400000)
 Metaspace       used 74549K, capacity 80316K, committed 80472K, reserved 1118208K
  class space    used 9283K, capacity 11107K, committed 11136K, reserved 1048576K
}
Event: 6136.828 GC heap before
{Heap before GC invocations=23 (full 3):
 PSYoungGen      total 66560K, used 66224K [0x00000000f5580000, 0x00000000fb700000, 0x0000000100000000)
  eden space 50688K, 100% used [0x00000000f5580000,0x00000000f8700000,0x00000000f8700000)
  from space 15872K, 97% used [0x00000000f8800000,0x00000000f972c240,0x00000000f9780000)
  to   space 24576K, 0% used [0x00000000f9f00000,0x00000000f9f00000,0x00000000fb700000)
 ParOldGen       total 102400K, used 34092K [0x00000000e0000000, 0x00000000e6400000, 0x00000000f5580000)
  object space 102400K, 33% used [0x00000000e0000000,0x00000000e214b320,0x00000000e6400000)
 Metaspace       used 74575K, capacity 80316K, committed 80472K, reserved 1118208K
  class space    used 9283K, capacity 11107K, committed 11136K, reserved 1048576K
Event: 6136.841 GC heap after
Heap after GC invocations=23 (full 3):
 PSYoungGen      total 72192K, used 15524K [0x00000000f5580000, 0x00000000fb500000, 0x0000000100000000)
  eden space 49664K, 0% used [0x00000000f5580000,0x00000000f5580000,0x00000000f8600000)
  from space 22528K, 68% used [0x00000000f9f00000,0x00000000fae29090,0x00000000fb500000)
  to   space 24064K, 0% used [0x00000000f8600000,0x00000000f8600000,0x00000000f9d80000)
 ParOldGen       total 102400K, used 34092K [0x00000000e0000000, 0x00000000e6400000, 0x00000000f5580000)
  object space 102400K, 33% used [0x00000000e0000000,0x00000000e214b320,0x00000000e6400000)
 Metaspace       used 74575K, capacity 80316K, committed 80472K, reserved 1118208K
  class space    used 9283K, capacity 11107K, committed 11136K, reserved 1048576K
}
Event: 7196.753 GC heap before
{Heap before GC invocations=24 (full 3):
 PSYoungGen      total 72192K, used 65188K [0x00000000f5580000, 0x00000000fb500000, 0x0000000100000000)
  eden space 49664K, 100% used [0x00000000f5580000,0x00000000f8600000,0x00000000f8600000)
  from space 22528K, 68% used [0x00000000f9f00000,0x00000000fae29090,0x00000000fb500000)
  to   space 24064K, 0% used [0x00000000f8600000,0x00000000f8600000,0x00000000f9d80000)
 ParOldGen       total 102400K, used 34092K [0x00000000e0000000, 0x00000000e6400000, 0x00000000f5580000)
  object space 102400K, 33% used [0x00000000e0000000,0x00000000e214b320,0x00000000e6400000)
 Metaspace       used 74588K, capacity 80380K, committed 80472K, reserved 1118208K
  class space    used 9283K, capacity 11107K, committed 11136K, reserved 1048576K
Event: 7196.764 GC heap after
Heap after GC invocations=24 (full 3):
 PSYoungGen      total 64512K, used 15492K [0x00000000f5580000, 0x00000000fb400000, 0x0000000100000000)
  eden space 48640K, 0% used [0x00000000f5580000,0x00000000f5580000,0x00000000f8500000)
  from space 15872K, 97% used [0x00000000f8600000,0x00000000f9521070,0x00000000f9580000)
  to   space 24064K, 0% used [0x00000000f9c80000,0x00000000f9c80000,0x00000000fb400000)
 ParOldGen       total 102400K, used 34100K [0x00000000e0000000, 0x00000000e6400000, 0x00000000f5580000)
  object space 102400K, 33% used [0x00000000e0000000,0x00000000e214d320,0x00000000e6400000)
 Metaspace       used 74588K, capacity 80380K, committed 80472K, reserved 1118208K
  class space    used 9283K, capacity 11107K, committed 11136K, reserved 1048576K
}

