# JRE version: Java(TM) SE Runtime Environment (8.0_25-b18) (build 1.8.0_25-b18)
# Java VM: Java HotSpot(TM) 64-Bit Server VM (25.25-b02 mixed mode windows-amd64 compressed oops)
Heap:
 PSYoungGen      total 154624K, used 109798K [0x00000000f5580000, 0x0000000100000000, 0x0000000100000000)
  eden space 134656K, 81% used [0x00000000f5580000,0x00000000fc0b9b08,0x00000000fd900000)
  from space 19968K, 0% used [0x00000000fd900000,0x00000000fd900000,0x00000000fec80000)
  to   space 19968K, 0% used [0x00000000fec80000,0x00000000fec80000,0x0000000100000000)
 ParOldGen       total 83968K, used 51685K [0x00000000e0000000, 0x00000000e5200000, 0x00000000f5580000)
  object space 83968K, 61% used [0x00000000e0000000,0x00000000e3279748,0x00000000e5200000)
 Metaspace       used 86540K, capacity 92748K, committed 93056K, reserved 1130496K
  class space    used 10640K, capacity 12547K, committed 12672K, reserved 1048576K
GC Heap History (10 events):
Event: 337.149 GC heap before
{Heap before GC invocations=28 (full 7):
 PSYoungGen      total 152064K, used 138343K [0x00000000f5580000, 0x00000000ffe80000, 0x0000000100000000)
  eden space 133120K, 100% used [0x00000000f5580000,0x00000000fd780000,0x00000000fd780000)
  from space 18944K, 27% used [0x00000000fec00000,0x00000000ff119f00,0x00000000ffe80000)
  to   space 19968K, 0% used [0x00000000fd780000,0x00000000fd780000,0x00000000feb00000)
 ParOldGen       total 83968K, used 42204K [0x00000000e0000000, 0x00000000e5200000, 0x00000000f5580000)
  object space 83968K, 50% used [0x00000000e0000000,0x00000000e2937220,0x00000000e5200000)
 Metaspace       used 80704K, capacity 86496K, committed 86784K, reserved 1124352K
  class space    used 9903K, capacity 11716K, committed 11776K, reserved 1048576K
Event: 337.156 GC heap after
Heap after GC invocations=28 (full 7):
 PSYoungGen      total 153088K, used 9431K [0x00000000f5580000, 0x0000000100000000, 0x0000000100000000)
  eden space 133120K, 0% used [0x00000000f5580000,0x00000000f5580000,0x00000000fd780000)
  from space 19968K, 47% used [0x00000000fd780000,0x00000000fe0b5e08,0x00000000feb00000)
  to   space 19456K, 0% used [0x00000000fed00000,0x00000000fed00000,0x0000000100000000)
 ParOldGen       total 83968K, used 42212K [0x00000000e0000000, 0x00000000e5200000, 0x00000000f5580000)
  object space 83968K, 50% used [0x00000000e0000000,0x00000000e2939220,0x00000000e5200000)
 Metaspace       used 80704K, capacity 86496K, committed 86784K, reserved 1124352K
  class space    used 9903K, capacity 11716K, committed 11776K, reserved 1048576K
}
Event: 349.000 GC heap before
{Heap before GC invocations=29 (full 7):
 PSYoungGen      total 153088K, used 76567K [0x00000000f5580000, 0x0000000100000000, 0x0000000100000000)
  eden space 133120K, 50% used [0x00000000f5580000,0x00000000f97100b0,0x00000000fd780000)
  from space 19968K, 47% used [0x00000000fd780000,0x00000000fe0b5e08,0x00000000feb00000)
  to   space 19456K, 0% used [0x00000000fed00000,0x00000000fed00000,0x0000000100000000)
 ParOldGen       total 83968K, used 42212K [0x00000000e0000000, 0x00000000e5200000, 0x00000000f5580000)
  object space 83968K, 50% used [0x00000000e0000000,0x00000000e2939220,0x00000000e5200000)
 Metaspace       used 81076K, capacity 86790K, committed 87040K, reserved 1124352K
  class space    used 9936K, capacity 11749K, committed 11776K, reserved 1048576K
Event: 349.009 GC heap after
Heap after GC invocations=29 (full 7):
 PSYoungGen      total 154112K, used 12804K [0x00000000f5580000, 0x0000000100000000, 0x0000000100000000)
  eden space 134656K, 0% used [0x00000000f5580000,0x00000000f5580000,0x00000000fd900000)
  from space 19456K, 65% used [0x00000000fed00000,0x00000000ff9812f8,0x0000000100000000)
  to   space 19968K, 0% used [0x00000000fd900000,0x00000000fd900000,0x00000000fec80000)
 ParOldGen       total 83968K, used 42220K [0x00000000e0000000, 0x00000000e5200000, 0x00000000f5580000)
  object space 83968K, 50% used [0x00000000e0000000,0x00000000e293b220,0x00000000e5200000)
 Metaspace       used 81076K, capacity 86790K, committed 87040K, reserved 1124352K
  class space    used 9936K, capacity 11749K, committed 11776K, reserved 1048576K
}
Event: 349.009 GC heap before
{Heap before GC invocations=30 (full 8):
 PSYoungGen      total 154112K, used 12804K [0x00000000f5580000, 0x0000000100000000, 0x0000000100000000)
  eden space 134656K, 0% used [0x00000000f5580000,0x00000000f5580000,0x00000000fd900000)
  from space 19456K, 65% used [0x00000000fed00000,0x00000000ff9812f8,0x0000000100000000)
  to   space 19968K, 0% used [0x00000000fd900000,0x00000000fd900000,0x00000000fec80000)
 ParOldGen       total 83968K, used 42220K [0x00000000e0000000, 0x00000000e5200000, 0x00000000f5580000)
  object space 83968K, 50% used [0x00000000e0000000,0x00000000e293b220,0x00000000e5200000)
 Metaspace       used 81076K, capacity 86790K, committed 87040K, reserved 1124352K
  class space    used 9936K, capacity 11749K, committed 11776K, reserved 1048576K
Event: 349.333 GC heap after
Heap after GC invocations=30 (full 8):
 PSYoungGen      total 154112K, used 0K [0x00000000f5580000, 0x0000000100000000, 0x0000000100000000)
  eden space 134656K, 0% used [0x00000000f5580000,0x00000000f5580000,0x00000000fd900000)
  from space 19456K, 0% used [0x00000000fed00000,0x00000000fed00000,0x0000000100000000)
  to   space 19968K, 0% used [0x00000000fd900000,0x00000000fd900000,0x00000000fec80000)
 ParOldGen       total 83968K, used 50949K [0x00000000e0000000, 0x00000000e5200000, 0x00000000f5580000)
  object space 83968K, 60% used [0x00000000e0000000,0x00000000e31c1628,0x00000000e5200000)
 Metaspace       used 81076K, capacity 86790K, committed 87040K, reserved 1124352K
  class space    used 9936K, capacity 11749K, committed 11776K, reserved 1048576K
}
Event: 409.468 GC heap before
{Heap before GC invocations=31 (full 8):
 PSYoungGen      total 154112K, used 12942K [0x00000000f5580000, 0x0000000100000000, 0x0000000100000000)
  eden space 134656K, 9% used [0x00000000f5580000,0x00000000f6223b68,0x00000000fd900000)
  from space 19456K, 0% used [0x00000000fed00000,0x00000000fed00000,0x0000000100000000)
  to   space 19968K, 0% used [0x00000000fd900000,0x00000000fd900000,0x00000000fec80000)
 ParOldGen       total 83968K, used 50949K [0x00000000e0000000, 0x00000000e5200000, 0x00000000f5580000)
  object space 83968K, 60% used [0x00000000e0000000,0x00000000e31c1628,0x00000000e5200000)
 Metaspace       used 81914K, capacity 87884K, committed 88064K, reserved 1126400K
  class space    used 10070K, capacity 11947K, committed 12032K, reserved 1048576K
Event: 409.470 GC heap after
Heap after GC invocations=31 (full 8):
 PSYoungGen      total 154624K, used 1111K [0x00000000f5580000, 0x0000000100000000, 0x0000000100000000)
  eden space 134656K, 0% used [0x00000000f5580000,0x00000000f5580000,0x00000000fd900000)
  from space 19968K, 5% used [0x00000000fd900000,0x00000000fda15df0,0x00000000fec80000)
  to   space 19968K, 0% used [0x00000000fec80000,0x00000000fec80000,0x0000000100000000)
 ParOldGen       total 83968K, used 50957K [0x00000000e0000000, 0x00000000e5200000, 0x00000000f5580000)
  object space 83968K, 60% used [0x00000000e0000000,0x00000000e31c3628,0x00000000e5200000)
 Metaspace       used 81914K, capacity 87884K, committed 88064K, reserved 1126400K
  class space    used 10070K, capacity 11947K, committed 12032K, reserved 1048576K
}
Event: 409.470 GC heap before
{Heap before GC invocations=32 (full 9):
 PSYoungGen      total 154624K, used 1111K [0x00000000f5580000, 0x0000000100000000, 0x0000000100000000)
  eden space 134656K, 0% used [0x00000000f5580000,0x00000000f5580000,0x00000000fd900000)
  from space 19968K, 5% used [0x00000000fd900000,0x00000000fda15df0,0x00000000fec80000)
  to   space 19968K, 0% used [0x00000000fec80000,0x00000000fec80000,0x0000000100000000)
 ParOldGen       total 83968K, used 50957K [0x00000000e0000000, 0x00000000e5200000, 0x00000000f5580000)
  object space 83968K, 60% used [0x00000000e0000000,0x00000000e31c3628,0x00000000e5200000)
 Metaspace       used 81914K, capacity 87884K, committed 88064K, reserved 1126400K
  class space    used 10070K, capacity 11947K, committed 12032K, reserved 1048576K
Event: 409.774 GC heap after
Heap after GC invocations=32 (full 9):
 PSYoungGen      total 154624K, used 0K [0x00000000f5580000, 0x0000000100000000, 0x0000000100000000)
  eden space 134656K, 0% used [0x00000000f5580000,0x00000000f5580000,0x00000000fd900000)
  from space 19968K, 0% used [0x00000000fd900000,0x00000000fd900000,0x00000000fec80000)
  to   space 19968K, 0% used [0x00000000fec80000,0x00000000fec80000,0x0000000100000000)
 ParOldGen       total 83968K, used 51685K [0x00000000e0000000, 0x00000000e5200000, 0x00000000f5580000)
  object space 83968K, 61% used [0x00000000e0000000,0x00000000e3279748,0x00000000e5200000)
 Metaspace       used 81914K, capacity 87884K, committed 88064K, reserved 1126400K
  class space    used 10070K, capacity 11947K, committed 12032K, reserved 1048576K
}

