# JRE version: Java(TM) SE Runtime Environment (8.0_25-b18) (build 1.8.0_25-b18)
# Java VM: Java HotSpot(TM) 64-Bit Server VM (25.25-b02 mixed mode windows-amd64 compressed oops)
Heap:
 PSYoungGen      total 123392K, used 118513K [0x00000000f5580000, 0x00000000fe900000, 0x0000000100000000)
  eden space 116224K, 95% used [0x00000000f5580000,0x00000000fc25f000,0x00000000fc700000)
  from space 7168K, 98% used [0x00000000fcb00000,0x00000000fd1dd740,0x00000000fd200000)
  to   space 17408K, 0% used [0x00000000fd800000,0x00000000fd800000,0x00000000fe900000)
 ParOldGen       total 90624K, used 44171K [0x00000000e0000000, 0x00000000e5880000, 0x00000000f5580000)
  object space 90624K, 48% used [0x00000000e0000000,0x00000000e2b22ed0,0x00000000e5880000)
 Metaspace       used 85207K, capacity 91450K, committed 91648K, reserved 1128448K
  class space    used 10300K, capacity 12216K, committed 12288K, reserved 1048576K
GC Heap History (10 events):
Event: 303.312 GC heap before
{Heap before GC invocations=21 (full 6):
 PSYoungGen      total 133632K, used 112128K [0x00000000f5580000, 0x00000000fed00000, 0x0000000100000000)
  eden space 112128K, 100% used [0x00000000f5580000,0x00000000fc300000,0x00000000fc300000)
  from space 21504K, 0% used [0x00000000fd800000,0x00000000fd800000,0x00000000fed00000)
  to   space 21504K, 0% used [0x00000000fc300000,0x00000000fc300000,0x00000000fd800000)
 ParOldGen       total 90624K, used 44131K [0x00000000e0000000, 0x00000000e5880000, 0x00000000f5580000)
  object space 90624K, 48% used [0x00000000e0000000,0x00000000e2b18ed0,0x00000000e5880000)
 Metaspace       used 77743K, capacity 84022K, committed 84224K, reserved 1122304K
  class space    used 9630K, capacity 11479K, committed 11520K, reserved 1048576K
Event: 303.321 GC heap after
Heap after GC invocations=21 (full 6):
 PSYoungGen      total 133632K, used 9491K [0x00000000f5580000, 0x00000000ffe00000, 0x0000000100000000)
  eden space 112128K, 0% used [0x00000000f5580000,0x00000000f5580000,0x00000000fc300000)
  from space 21504K, 44% used [0x00000000fc300000,0x00000000fcc44e70,0x00000000fd800000)
  to   space 20480K, 0% used [0x00000000fea00000,0x00000000fea00000,0x00000000ffe00000)
 ParOldGen       total 90624K, used 44139K [0x00000000e0000000, 0x00000000e5880000, 0x00000000f5580000)
  object space 90624K, 48% used [0x00000000e0000000,0x00000000e2b1aed0,0x00000000e5880000)
 Metaspace       used 77743K, capacity 84022K, committed 84224K, reserved 1122304K
  class space    used 9630K, capacity 11479K, committed 11520K, reserved 1048576K
}
Event: 526.556 GC heap before
{Heap before GC invocations=22 (full 6):
 PSYoungGen      total 133632K, used 121619K [0x00000000f5580000, 0x00000000ffe00000, 0x0000000100000000)
  eden space 112128K, 100% used [0x00000000f5580000,0x00000000fc300000,0x00000000fc300000)
  from space 21504K, 44% used [0x00000000fc300000,0x00000000fcc44e70,0x00000000fd800000)
  to   space 20480K, 0% used [0x00000000fea00000,0x00000000fea00000,0x00000000ffe00000)
 ParOldGen       total 90624K, used 44139K [0x00000000e0000000, 0x00000000e5880000, 0x00000000f5580000)
  object space 90624K, 48% used [0x00000000e0000000,0x00000000e2b1aed0,0x00000000e5880000)
 Metaspace       used 78465K, capacity 84744K, committed 85120K, reserved 1122304K
  class space    used 9663K, capacity 11547K, committed 11648K, reserved 1048576K
Event: 526.564 GC heap after
Heap after GC invocations=22 (full 6):
 PSYoungGen      total 145920K, used 6513K [0x00000000f5580000, 0x00000000ffa80000, 0x0000000100000000)
  eden space 129024K, 0% used [0x00000000f5580000,0x00000000f5580000,0x00000000fd380000)
  from space 16896K, 38% used [0x00000000fea00000,0x00000000ff05c790,0x00000000ffa80000)
  to   space 19968K, 0% used [0x00000000fd380000,0x00000000fd380000,0x00000000fe700000)
 ParOldGen       total 90624K, used 44147K [0x00000000e0000000, 0x00000000e5880000, 0x00000000f5580000)
  object space 90624K, 48% used [0x00000000e0000000,0x00000000e2b1ced0,0x00000000e5880000)
 Metaspace       used 78465K, capacity 84744K, committed 85120K, reserved 1122304K
  class space    used 9663K, capacity 11547K, committed 11648K, reserved 1048576K
}
Event: 656.791 GC heap before
{Heap before GC invocations=23 (full 6):
 PSYoungGen      total 145920K, used 135537K [0x00000000f5580000, 0x00000000ffa80000, 0x0000000100000000)
  eden space 129024K, 100% used [0x00000000f5580000,0x00000000fd380000,0x00000000fd380000)
  from space 16896K, 38% used [0x00000000fea00000,0x00000000ff05c790,0x00000000ffa80000)
  to   space 19968K, 0% used [0x00000000fd380000,0x00000000fd380000,0x00000000fe700000)
 ParOldGen       total 90624K, used 44147K [0x00000000e0000000, 0x00000000e5880000, 0x00000000f5580000)
  object space 90624K, 48% used [0x00000000e0000000,0x00000000e2b1ced0,0x00000000e5880000)
 Metaspace       used 79145K, capacity 85436K, committed 85632K, reserved 1124352K
  class space    used 9676K, capacity 11584K, committed 11648K, reserved 1048576K
Event: 656.799 GC heap after
Heap after GC invocations=23 (full 6):
 PSYoungGen      total 131584K, used 7150K [0x00000000f5580000, 0x00000000ff400000, 0x0000000100000000)
  eden space 124416K, 0% used [0x00000000f5580000,0x00000000f5580000,0x00000000fcf00000)
  from space 7168K, 99% used [0x00000000fd380000,0x00000000fda7b940,0x00000000fda80000)
  to   space 18944K, 0% used [0x00000000fe180000,0x00000000fe180000,0x00000000ff400000)
 ParOldGen       total 90624K, used 44155K [0x00000000e0000000, 0x00000000e5880000, 0x00000000f5580000)
  object space 90624K, 48% used [0x00000000e0000000,0x00000000e2b1eed0,0x00000000e5880000)
 Metaspace       used 79145K, capacity 85436K, committed 85632K, reserved 1124352K
  class space    used 9676K, capacity 11584K, committed 11648K, reserved 1048576K
}
Event: 937.264 GC heap before
{Heap before GC invocations=24 (full 6):
 PSYoungGen      total 131584K, used 131566K [0x00000000f5580000, 0x00000000ff400000, 0x0000000100000000)
  eden space 124416K, 100% used [0x00000000f5580000,0x00000000fcf00000,0x00000000fcf00000)
  from space 7168K, 99% used [0x00000000fd380000,0x00000000fda7b940,0x00000000fda80000)
  to   space 18944K, 0% used [0x00000000fe180000,0x00000000fe180000,0x00000000ff400000)
 ParOldGen       total 90624K, used 44155K [0x00000000e0000000, 0x00000000e5880000, 0x00000000f5580000)
  object space 90624K, 48% used [0x00000000e0000000,0x00000000e2b1eed0,0x00000000e5880000)
 Metaspace       used 79670K, capacity 86082K, committed 86400K, reserved 1124352K
  class space    used 9677K, capacity 11585K, committed 11648K, reserved 1048576K
Event: 937.274 GC heap after
Heap after GC invocations=24 (full 6):
 PSYoungGen      total 133120K, used 7518K [0x00000000f5580000, 0x00000000fee00000, 0x0000000100000000)
  eden space 120320K, 0% used [0x00000000f5580000,0x00000000f5580000,0x00000000fcb00000)
  from space 12800K, 58% used [0x00000000fe180000,0x00000000fe8d7960,0x00000000fee00000)
  to   space 17920K, 0% used [0x00000000fcb00000,0x00000000fcb00000,0x00000000fdc80000)
 ParOldGen       total 90624K, used 44163K [0x00000000e0000000, 0x00000000e5880000, 0x00000000f5580000)
  object space 90624K, 48% used [0x00000000e0000000,0x00000000e2b20ed0,0x00000000e5880000)
 Metaspace       used 79670K, capacity 86082K, committed 86400K, reserved 1124352K
  class space    used 9677K, capacity 11585K, committed 11648K, reserved 1048576K
}
Event: 1030.222 GC heap before
{Heap before GC invocations=25 (full 6):
 PSYoungGen      total 133120K, used 127838K [0x00000000f5580000, 0x00000000fee00000, 0x0000000100000000)
  eden space 120320K, 100% used [0x00000000f5580000,0x00000000fcb00000,0x00000000fcb00000)
  from space 12800K, 58% used [0x00000000fe180000,0x00000000fe8d7960,0x00000000fee00000)
  to   space 17920K, 0% used [0x00000000fcb00000,0x00000000fcb00000,0x00000000fdc80000)
 ParOldGen       total 90624K, used 44163K [0x00000000e0000000, 0x00000000e5880000, 0x00000000f5580000)
  object space 90624K, 48% used [0x00000000e0000000,0x00000000e2b20ed0,0x00000000e5880000)
 Metaspace       used 80286K, capacity 86632K, committed 86912K, reserved 1124352K
  class space    used 9715K, capacity 11618K, committed 11648K, reserved 1048576K
Event: 1030.230 GC heap after
Heap after GC invocations=25 (full 6):
 PSYoungGen      total 123392K, used 7029K [0x00000000f5580000, 0x00000000fe900000, 0x0000000100000000)
  eden space 116224K, 0% used [0x00000000f5580000,0x00000000f5580000,0x00000000fc700000)
  from space 7168K, 98% used [0x00000000fcb00000,0x00000000fd1dd740,0x00000000fd200000)
  to   space 17408K, 0% used [0x00000000fd800000,0x00000000fd800000,0x00000000fe900000)
 ParOldGen       total 90624K, used 44171K [0x00000000e0000000, 0x00000000e5880000, 0x00000000f5580000)
  object space 90624K, 48% used [0x00000000e0000000,0x00000000e2b22ed0,0x00000000e5880000)
 Metaspace       used 80286K, capacity 86632K, committed 86912K, reserved 1124352K
  class space    used 9715K, capacity 11618K, committed 11648K, reserved 1048576K
}

