# JRE version: Java(TM) SE Runtime Environment (8.0_25-b18) (build 1.8.0_25-b18)
# Java VM: Java HotSpot(TM) 64-Bit Server VM (25.25-b02 mixed mode windows-amd64 compressed oops)
Heap:
 PSYoungGen      total 56832K, used 22615K [0x00000000f5580000, 0x00000000fa600000, 0x0000000100000000)
  eden space 41472K, 54% used [0x00000000f5580000,0x00000000f6b95ec0,0x00000000f7e00000)
  from space 15360K, 0% used [0x00000000f7e00000,0x00000000f7e00000,0x00000000f8d00000)
  to   space 16896K, 0% used [0x00000000f9580000,0x00000000f9580000,0x00000000fa600000)
 ParOldGen       total 100864K, used 32882K [0x00000000e0000000, 0x00000000e6280000, 0x00000000f5580000)
  object space 100864K, 32% used [0x00000000e0000000,0x00000000e201c9a0,0x00000000e6280000)
 Metaspace       used 56892K, capacity 61952K, committed 62208K, reserved 1103872K
  class space    used 6995K, capacity 8653K, committed 8704K, reserved 1048576K
GC Heap History (10 events):
Event: 3.508 GC heap before
{Heap before GC invocations=10 (full 2):
 PSYoungGen      total 47616K, used 12011K [0x00000000f5580000, 0x00000000f9500000, 0x0000000100000000)
  eden space 34304K, 0% used [0x00000000f5580000,0x00000000f5580000,0x00000000f7700000)
  from space 13312K, 90% used [0x00000000f8500000,0x00000000f90bac30,0x00000000f9200000)
  to   space 14336K, 0% used [0x00000000f7700000,0x00000000f7700000,0x00000000f8500000)
 ParOldGen       total 45568K, used 21306K [0x00000000e0000000, 0x00000000e2c80000, 0x00000000f5580000)
  object space 45568K, 46% used [0x00000000e0000000,0x00000000e14ce840,0x00000000e2c80000)
 Metaspace       used 32653K, capacity 35344K, committed 35416K, reserved 1079296K
  class space    used 4019K, capacity 4837K, committed 4864K, reserved 1048576K
Event: 3.575 GC heap after
Heap after GC invocations=10 (full 2):
 PSYoungGen      total 47616K, used 0K [0x00000000f5580000, 0x00000000f9500000, 0x0000000100000000)
  eden space 34304K, 0% used [0x00000000f5580000,0x00000000f5580000,0x00000000f7700000)
  from space 13312K, 0% used [0x00000000f8500000,0x00000000f8500000,0x00000000f9200000)
  to   space 14336K, 0% used [0x00000000f7700000,0x00000000f7700000,0x00000000f8500000)
 ParOldGen       total 69632K, used 19891K [0x00000000e0000000, 0x00000000e4400000, 0x00000000f5580000)
  object space 69632K, 28% used [0x00000000e0000000,0x00000000e136ccf0,0x00000000e4400000)
 Metaspace       used 32653K, capacity 35344K, committed 35416K, reserved 1079296K
  class space    used 4019K, capacity 4837K, committed 4864K, reserved 1048576K
}
Event: 4.088 GC heap before
{Heap before GC invocations=11 (full 2):
 PSYoungGen      total 47616K, used 34304K [0x00000000f5580000, 0x00000000f9500000, 0x0000000100000000)
  eden space 34304K, 100% used [0x00000000f5580000,0x00000000f7700000,0x00000000f7700000)
  from space 13312K, 0% used [0x00000000f8500000,0x00000000f8500000,0x00000000f9200000)
  to   space 14336K, 0% used [0x00000000f7700000,0x00000000f7700000,0x00000000f8500000)
 ParOldGen       total 69632K, used 19891K [0x00000000e0000000, 0x00000000e4400000, 0x00000000f5580000)
  object space 69632K, 28% used [0x00000000e0000000,0x00000000e136ccf0,0x00000000e4400000)
 Metaspace       used 39713K, capacity 43122K, committed 43264K, reserved 1087488K
  class space    used 4790K, capacity 5798K, committed 5888K, reserved 1048576K
Event: 4.096 GC heap after
Heap after GC invocations=11 (full 2):
 PSYoungGen      total 48640K, used 9446K [0x00000000f5580000, 0x00000000f9b00000, 0x0000000100000000)
  eden space 34304K, 0% used [0x00000000f5580000,0x00000000f5580000,0x00000000f7700000)
  from space 14336K, 65% used [0x00000000f7700000,0x00000000f8039998,0x00000000f8500000)
  to   space 14336K, 0% used [0x00000000f8d00000,0x00000000f8d00000,0x00000000f9b00000)
 ParOldGen       total 69632K, used 19899K [0x00000000e0000000, 0x00000000e4400000, 0x00000000f5580000)
  object space 69632K, 28% used [0x00000000e0000000,0x00000000e136ecf0,0x00000000e4400000)
 Metaspace       used 39713K, capacity 43122K, committed 43264K, reserved 1087488K
  class space    used 4790K, capacity 5798K, committed 5888K, reserved 1048576K
}
Event: 5.799 GC heap before
{Heap before GC invocations=12 (full 2):
 PSYoungGen      total 48640K, used 43750K [0x00000000f5580000, 0x00000000f9b00000, 0x0000000100000000)
  eden space 34304K, 100% used [0x00000000f5580000,0x00000000f7700000,0x00000000f7700000)
  from space 14336K, 65% used [0x00000000f7700000,0x00000000f8039998,0x00000000f8500000)
  to   space 14336K, 0% used [0x00000000f8d00000,0x00000000f8d00000,0x00000000f9b00000)
 ParOldGen       total 69632K, used 19899K [0x00000000e0000000, 0x00000000e4400000, 0x00000000f5580000)
  object space 69632K, 28% used [0x00000000e0000000,0x00000000e136ecf0,0x00000000e4400000)
 Metaspace       used 46906K, capacity 50836K, committed 51072K, reserved 1093632K
  class space    used 5774K, capacity 7000K, committed 7040K, reserved 1048576K
Event: 5.808 GC heap after
Heap after GC invocations=12 (full 2):
 PSYoungGen      total 55808K, used 11766K [0x00000000f5580000, 0x00000000f9c00000, 0x0000000100000000)
  eden space 41472K, 0% used [0x00000000f5580000,0x00000000f5580000,0x00000000f7e00000)
  from space 14336K, 82% used [0x00000000f8d00000,0x00000000f987d868,0x00000000f9b00000)
  to   space 15360K, 0% used [0x00000000f7e00000,0x00000000f7e00000,0x00000000f8d00000)
 ParOldGen       total 69632K, used 19907K [0x00000000e0000000, 0x00000000e4400000, 0x00000000f5580000)
  object space 69632K, 28% used [0x00000000e0000000,0x00000000e1370cf0,0x00000000e4400000)
 Metaspace       used 46906K, capacity 50836K, committed 51072K, reserved 1093632K
  class space    used 5774K, capacity 7000K, committed 7040K, reserved 1048576K
}
Event: 10.983 GC heap before
{Heap before GC invocations=13 (full 2):
 PSYoungGen      total 55808K, used 40828K [0x00000000f5580000, 0x00000000f9c00000, 0x0000000100000000)
  eden space 41472K, 70% used [0x00000000f5580000,0x00000000f71e1af8,0x00000000f7e00000)
  from space 14336K, 82% used [0x00000000f8d00000,0x00000000f987d868,0x00000000f9b00000)
  to   space 15360K, 0% used [0x00000000f7e00000,0x00000000f7e00000,0x00000000f8d00000)
 ParOldGen       total 69632K, used 19907K [0x00000000e0000000, 0x00000000e4400000, 0x00000000f5580000)
  object space 69632K, 28% used [0x00000000e0000000,0x00000000e1370cf0,0x00000000e4400000)
 Metaspace       used 53958K, capacity 58922K, committed 59008K, reserved 1099776K
  class space    used 6694K, capacity 8289K, committed 8320K, reserved 1048576K
Event: 10.991 GC heap after
Heap after GC invocations=13 (full 2):
 PSYoungGen      total 56832K, used 14824K [0x00000000f5580000, 0x00000000fa600000, 0x0000000100000000)
  eden space 41472K, 0% used [0x00000000f5580000,0x00000000f5580000,0x00000000f7e00000)
  from space 15360K, 96% used [0x00000000f7e00000,0x00000000f8c7a110,0x00000000f8d00000)
  to   space 16896K, 0% used [0x00000000f9580000,0x00000000f9580000,0x00000000fa600000)
 ParOldGen       total 69632K, used 19915K [0x00000000e0000000, 0x00000000e4400000, 0x00000000f5580000)
  object space 69632K, 28% used [0x00000000e0000000,0x00000000e1372cf0,0x00000000e4400000)
 Metaspace       used 53958K, capacity 58922K, committed 59008K, reserved 1099776K
  class space    used 6694K, capacity 8289K, committed 8320K, reserved 1048576K
}
Event: 10.991 GC heap before
{Heap before GC invocations=14 (full 3):
 PSYoungGen      total 56832K, used 14824K [0x00000000f5580000, 0x00000000fa600000, 0x0000000100000000)
  eden space 41472K, 0% used [0x00000000f5580000,0x00000000f5580000,0x00000000f7e00000)
  from space 15360K, 96% used [0x00000000f7e00000,0x00000000f8c7a110,0x00000000f8d00000)
  to   space 16896K, 0% used [0x00000000f9580000,0x00000000f9580000,0x00000000fa600000)
 ParOldGen       total 69632K, used 19915K [0x00000000e0000000, 0x00000000e4400000, 0x00000000f5580000)
  object space 69632K, 28% used [0x00000000e0000000,0x00000000e1372cf0,0x00000000e4400000)
 Metaspace       used 53958K, capacity 58922K, committed 59008K, reserved 1099776K
  class space    used 6694K, capacity 8289K, committed 8320K, reserved 1048576K
Event: 11.181 GC heap after
Heap after GC invocations=14 (full 3):
 PSYoungGen      total 56832K, used 0K [0x00000000f5580000, 0x00000000fa600000, 0x0000000100000000)
  eden space 41472K, 0% used [0x00000000f5580000,0x00000000f5580000,0x00000000f7e00000)
  from space 15360K, 0% used [0x00000000f7e00000,0x00000000f7e00000,0x00000000f8d00000)
  to   space 16896K, 0% used [0x00000000f9580000,0x00000000f9580000,0x00000000fa600000)
 ParOldGen       total 100864K, used 32882K [0x00000000e0000000, 0x00000000e6280000, 0x00000000f5580000)
  object space 100864K, 32% used [0x00000000e0000000,0x00000000e201c9a0,0x00000000e6280000)
 Metaspace       used 53958K, capacity 58922K, committed 59008K, reserved 1099776K
  class space    used 6694K, capacity 8289K, committed 8320K, reserved 1048576K
}

