# JRE version: Java(TM) SE Runtime Environment (8.0_25-b18) (build 1.8.0_25-b18)
# Java VM: Java HotSpot(TM) 64-Bit Server VM (25.25-b02 mixed mode windows-amd64 compressed oops)
Heap:
 PSYoungGen      total 71680K, used 29975K [0x00000000f5580000, 0x00000000fb980000, 0x0000000100000000)
  eden space 53248K, 25% used [0x00000000f5580000,0x00000000f6293bb0,0x00000000f8980000)
  from space 18432K, 89% used [0x00000000fa780000,0x00000000fb7b20c0,0x00000000fb980000)
  to   space 24576K, 0% used [0x00000000f8980000,0x00000000f8980000,0x00000000fa180000)
 ParOldGen       total 104960K, used 36023K [0x00000000e0000000, 0x00000000e6680000, 0x00000000f5580000)
  object space 104960K, 34% used [0x00000000e0000000,0x00000000e232dde8,0x00000000e6680000)
 Metaspace       used 74951K, capacity 81004K, committed 81112K, reserved 1120256K
  class space    used 9366K, capacity 11222K, committed 11224K, reserved 1048576K
GC Heap History (10 events):
Event: 7.307 GC heap before
{Heap before GC invocations=15 (full 3):
 PSYoungGen      total 55808K, used 40448K [0x00000000f5580000, 0x00000000fa800000, 0x0000000100000000)
  eden space 40448K, 100% used [0x00000000f5580000,0x00000000f7d00000,0x00000000f7d00000)
  from space 15360K, 0% used [0x00000000f7d00000,0x00000000f7d00000,0x00000000f8c00000)
  to   space 17920K, 0% used [0x00000000f9680000,0x00000000f9680000,0x00000000fa800000)
 ParOldGen       total 104960K, used 35532K [0x00000000e0000000, 0x00000000e6680000, 0x00000000f5580000)
  object space 104960K, 33% used [0x00000000e0000000,0x00000000e22b3250,0x00000000e6680000)
 Metaspace       used 58291K, capacity 62598K, committed 62680K, reserved 1103872K
  class space    used 7279K, capacity 8638K, committed 8664K, reserved 1048576K
Event: 7.329 GC heap after
Heap after GC invocations=15 (full 3):
 PSYoungGen      total 65536K, used 7742K [0x00000000f5580000, 0x00000000fa700000, 0x0000000100000000)
  eden space 48640K, 0% used [0x00000000f5580000,0x00000000f5580000,0x00000000f8500000)
  from space 16896K, 45% used [0x00000000f9680000,0x00000000f9e0fa08,0x00000000fa700000)
  to   space 17408K, 0% used [0x00000000f8500000,0x00000000f8500000,0x00000000f9600000)
 ParOldGen       total 104960K, used 35532K [0x00000000e0000000, 0x00000000e6680000, 0x00000000f5580000)
  object space 104960K, 33% used [0x00000000e0000000,0x00000000e22b3250,0x00000000e6680000)
 Metaspace       used 58291K, capacity 62598K, committed 62680K, reserved 1103872K
  class space    used 7279K, capacity 8638K, committed 8664K, reserved 1048576K
}
Event: 10.412 GC heap before
{Heap before GC invocations=16 (full 3):
 PSYoungGen      total 65536K, used 56382K [0x00000000f5580000, 0x00000000fa700000, 0x0000000100000000)
  eden space 48640K, 100% used [0x00000000f5580000,0x00000000f8500000,0x00000000f8500000)
  from space 16896K, 45% used [0x00000000f9680000,0x00000000f9e0fa08,0x00000000fa700000)
  to   space 17408K, 0% used [0x00000000f8500000,0x00000000f8500000,0x00000000f9600000)
 ParOldGen       total 104960K, used 35532K [0x00000000e0000000, 0x00000000e6680000, 0x00000000f5580000)
  object space 104960K, 33% used [0x00000000e0000000,0x00000000e22b3250,0x00000000e6680000)
 Metaspace       used 64106K, capacity 69274K, committed 69592K, reserved 1110016K
  class space    used 8020K, capacity 9596K, committed 9688K, reserved 1048576K
Event: 10.422 GC heap after
Heap after GC invocations=16 (full 3):
 PSYoungGen      total 66048K, used 15857K [0x00000000f5580000, 0x00000000fb200000, 0x0000000100000000)
  eden space 48640K, 0% used [0x00000000f5580000,0x00000000f5580000,0x00000000f8500000)
  from space 17408K, 91% used [0x00000000f8500000,0x00000000f947c4b8,0x00000000f9600000)
  to   space 18944K, 0% used [0x00000000f9f80000,0x00000000f9f80000,0x00000000fb200000)
 ParOldGen       total 104960K, used 35540K [0x00000000e0000000, 0x00000000e6680000, 0x00000000f5580000)
  object space 104960K, 33% used [0x00000000e0000000,0x00000000e22b5250,0x00000000e6680000)
 Metaspace       used 64106K, capacity 69274K, committed 69592K, reserved 1110016K
  class space    used 8020K, capacity 9596K, committed 9688K, reserved 1048576K
}
Event: 25.629 GC heap before
{Heap before GC invocations=17 (full 3):
 PSYoungGen      total 66048K, used 64497K [0x00000000f5580000, 0x00000000fb200000, 0x0000000100000000)
  eden space 48640K, 100% used [0x00000000f5580000,0x00000000f8500000,0x00000000f8500000)
  from space 17408K, 91% used [0x00000000f8500000,0x00000000f947c4b8,0x00000000f9600000)
  to   space 18944K, 0% used [0x00000000f9f80000,0x00000000f9f80000,0x00000000fb200000)
 ParOldGen       total 104960K, used 35540K [0x00000000e0000000, 0x00000000e6680000, 0x00000000f5580000)
  object space 104960K, 33% used [0x00000000e0000000,0x00000000e22b5250,0x00000000e6680000)
 Metaspace       used 69772K, capacity 75432K, committed 75608K, reserved 1114112K
  class space    used 8763K, capacity 10495K, committed 10584K, reserved 1048576K
Event: 25.648 GC heap after
Heap after GC invocations=17 (full 3):
 PSYoungGen      total 73216K, used 18925K [0x00000000f5580000, 0x00000000fb580000, 0x0000000100000000)
  eden space 54272K, 0% used [0x00000000f5580000,0x00000000f5580000,0x00000000f8a80000)
  from space 18944K, 99% used [0x00000000f9f80000,0x00000000fb1fb5a0,0x00000000fb200000)
  to   space 21504K, 0% used [0x00000000f8a80000,0x00000000f8a80000,0x00000000f9f80000)
 ParOldGen       total 104960K, used 36007K [0x00000000e0000000, 0x00000000e6680000, 0x00000000f5580000)
  object space 104960K, 34% used [0x00000000e0000000,0x00000000e2329de8,0x00000000e6680000)
 Metaspace       used 69772K, capacity 75432K, committed 75608K, reserved 1114112K
  class space    used 8763K, capacity 10495K, committed 10584K, reserved 1048576K
}
Event: 303.191 GC heap before
{Heap before GC invocations=18 (full 3):
 PSYoungGen      total 73216K, used 73197K [0x00000000f5580000, 0x00000000fb580000, 0x0000000100000000)
  eden space 54272K, 100% used [0x00000000f5580000,0x00000000f8a80000,0x00000000f8a80000)
  from space 18944K, 99% used [0x00000000f9f80000,0x00000000fb1fb5a0,0x00000000fb200000)
  to   space 21504K, 0% used [0x00000000f8a80000,0x00000000f8a80000,0x00000000f9f80000)
 ParOldGen       total 104960K, used 36007K [0x00000000e0000000, 0x00000000e6680000, 0x00000000f5580000)
  object space 104960K, 34% used [0x00000000e0000000,0x00000000e2329de8,0x00000000e6680000)
 Metaspace       used 73229K, capacity 79526K, committed 79704K, reserved 1118208K
  class space    used 9216K, capacity 11028K, committed 11096K, reserved 1048576K
Event: 303.205 GC heap after
Heap after GC invocations=18 (full 3):
 PSYoungGen      total 75776K, used 19361K [0x00000000f5580000, 0x00000000fbe80000, 0x0000000100000000)
  eden space 54272K, 0% used [0x00000000f5580000,0x00000000f5580000,0x00000000f8a80000)
  from space 21504K, 90% used [0x00000000f8a80000,0x00000000f9d68750,0x00000000f9f80000)
  to   space 23552K, 0% used [0x00000000fa780000,0x00000000fa780000,0x00000000fbe80000)
 ParOldGen       total 104960K, used 36015K [0x00000000e0000000, 0x00000000e6680000, 0x00000000f5580000)
  object space 104960K, 34% used [0x00000000e0000000,0x00000000e232bde8,0x00000000e6680000)
 Metaspace       used 73229K, capacity 79526K, committed 79704K, reserved 1118208K
  class space    used 9216K, capacity 11028K, committed 11096K, reserved 1048576K
}
Event: 691.557 GC heap before
{Heap before GC invocations=19 (full 3):
 PSYoungGen      total 75776K, used 73633K [0x00000000f5580000, 0x00000000fbe80000, 0x0000000100000000)
  eden space 54272K, 100% used [0x00000000f5580000,0x00000000f8a80000,0x00000000f8a80000)
  from space 21504K, 90% used [0x00000000f8a80000,0x00000000f9d68750,0x00000000f9f80000)
  to   space 23552K, 0% used [0x00000000fa780000,0x00000000fa780000,0x00000000fbe80000)
 ParOldGen       total 104960K, used 36015K [0x00000000e0000000, 0x00000000e6680000, 0x00000000f5580000)
  object space 104960K, 34% used [0x00000000e0000000,0x00000000e232bde8,0x00000000e6680000)
 Metaspace       used 74378K, capacity 80684K, committed 80856K, reserved 1118208K
  class space    used 9309K, capacity 11222K, committed 11224K, reserved 1048576K
Event: 691.570 GC heap after
Heap after GC invocations=19 (full 3):
 PSYoungGen      total 71680K, used 16584K [0x00000000f5580000, 0x00000000fb980000, 0x0000000100000000)
  eden space 53248K, 0% used [0x00000000f5580000,0x00000000f5580000,0x00000000f8980000)
  from space 18432K, 89% used [0x00000000fa780000,0x00000000fb7b20c0,0x00000000fb980000)
  to   space 24576K, 0% used [0x00000000f8980000,0x00000000f8980000,0x00000000fa180000)
 ParOldGen       total 104960K, used 36023K [0x00000000e0000000, 0x00000000e6680000, 0x00000000f5580000)
  object space 104960K, 34% used [0x00000000e0000000,0x00000000e232dde8,0x00000000e6680000)
 Metaspace       used 74378K, capacity 80684K, committed 80856K, reserved 1118208K
  class space    used 9309K, capacity 11222K, committed 11224K, reserved 1048576K
}

