# JRE version: Java(TM) SE Runtime Environment (8.0_25-b18) (build 1.8.0_25-b18)
# Java VM: Java HotSpot(TM) 64-Bit Server VM (25.25-b02 mixed mode windows-amd64 compressed oops)
Heap:
 PSYoungGen      total 93696K, used 878K [0x00000000f5580000, 0x00000000fc080000, 0x0000000100000000)
  eden space 77824K, 1% used [0x00000000f5580000,0x00000000f565bb30,0x00000000fa180000)
  from space 15872K, 0% used [0x00000000fb100000,0x00000000fb100000,0x00000000fc080000)
  to   space 15872K, 0% used [0x00000000fa180000,0x00000000fa180000,0x00000000fb100000)
 ParOldGen       total 102400K, used 45453K [0x00000000e0000000, 0x00000000e6400000, 0x00000000f5580000)
  object space 102400K, 44% used [0x00000000e0000000,0x00000000e2c63400,0x00000000e6400000)
 Metaspace       used 84656K, capacity 90660K, committed 90840K, reserved 1128448K
  class space    used 10270K, capacity 12231K, committed 12248K, reserved 1048576K
GC Heap History (10 events):
Event: 466.808 GC heap before
{Heap before GC invocations=37 (full 9):
 PSYoungGen      total 86016K, used 70656K [0x00000000f5580000, 0x00000000fb980000, 0x0000000100000000)
  eden space 70656K, 100% used [0x00000000f5580000,0x00000000f9a80000,0x00000000f9a80000)
  from space 15360K, 0% used [0x00000000f9a80000,0x00000000f9a80000,0x00000000fa980000)
  to   space 15872K, 0% used [0x00000000faa00000,0x00000000faa00000,0x00000000fb980000)
 ParOldGen       total 102400K, used 53051K [0x00000000e0000000, 0x00000000e6400000, 0x00000000f5580000)
  object space 102400K, 51% used [0x00000000e0000000,0x00000000e33cecc0,0x00000000e6400000)
 Metaspace       used 84429K, capacity 90486K, committed 90584K, reserved 1128448K
  class space    used 10258K, capacity 12234K, committed 12248K, reserved 1048576K
Event: 466.812 GC heap after
Heap after GC invocations=37 (full 9):
 PSYoungGen      total 86528K, used 1431K [0x00000000f5580000, 0x00000000fc080000, 0x0000000100000000)
  eden space 70656K, 0% used [0x00000000f5580000,0x00000000f5580000,0x00000000f9a80000)
  from space 15872K, 9% used [0x00000000faa00000,0x00000000fab65c80,0x00000000fb980000)
  to   space 15872K, 0% used [0x00000000f9a80000,0x00000000f9a80000,0x00000000faa00000)
 ParOldGen       total 102400K, used 53059K [0x00000000e0000000, 0x00000000e6400000, 0x00000000f5580000)
  object space 102400K, 51% used [0x00000000e0000000,0x00000000e33d0cc0,0x00000000e6400000)
 Metaspace       used 84429K, capacity 90486K, committed 90584K, reserved 1128448K
  class space    used 10258K, capacity 12234K, committed 12248K, reserved 1048576K
}
Event: 473.901 GC heap before
{Heap before GC invocations=38 (full 9):
 PSYoungGen      total 86528K, used 22726K [0x00000000f5580000, 0x00000000fc080000, 0x0000000100000000)
  eden space 70656K, 30% used [0x00000000f5580000,0x00000000f6a4bdb0,0x00000000f9a80000)
  from space 15872K, 9% used [0x00000000faa00000,0x00000000fab65c80,0x00000000fb980000)
  to   space 15872K, 0% used [0x00000000f9a80000,0x00000000f9a80000,0x00000000faa00000)
 ParOldGen       total 102400K, used 53059K [0x00000000e0000000, 0x00000000e6400000, 0x00000000f5580000)
  object space 102400K, 51% used [0x00000000e0000000,0x00000000e33d0cc0,0x00000000e6400000)
 Metaspace       used 84512K, capacity 90486K, committed 90584K, reserved 1128448K
  class space    used 10260K, capacity 12234K, committed 12248K, reserved 1048576K
Event: 473.904 GC heap after
Heap after GC invocations=38 (full 9):
 PSYoungGen      total 86528K, used 1399K [0x00000000f5580000, 0x00000000fc080000, 0x0000000100000000)
  eden space 70656K, 0% used [0x00000000f5580000,0x00000000f5580000,0x00000000f9a80000)
  from space 15872K, 8% used [0x00000000f9a80000,0x00000000f9bddc80,0x00000000faa00000)
  to   space 15872K, 0% used [0x00000000fb100000,0x00000000fb100000,0x00000000fc080000)
 ParOldGen       total 102400K, used 53067K [0x00000000e0000000, 0x00000000e6400000, 0x00000000f5580000)
  object space 102400K, 51% used [0x00000000e0000000,0x00000000e33d2cc0,0x00000000e6400000)
 Metaspace       used 84512K, capacity 90486K, committed 90584K, reserved 1128448K
  class space    used 10260K, capacity 12234K, committed 12248K, reserved 1048576K
}
Event: 473.904 GC heap before
{Heap before GC invocations=39 (full 10):
 PSYoungGen      total 86528K, used 1399K [0x00000000f5580000, 0x00000000fc080000, 0x0000000100000000)
  eden space 70656K, 0% used [0x00000000f5580000,0x00000000f5580000,0x00000000f9a80000)
  from space 15872K, 8% used [0x00000000f9a80000,0x00000000f9bddc80,0x00000000faa00000)
  to   space 15872K, 0% used [0x00000000fb100000,0x00000000fb100000,0x00000000fc080000)
 ParOldGen       total 102400K, used 53067K [0x00000000e0000000, 0x00000000e6400000, 0x00000000f5580000)
  object space 102400K, 51% used [0x00000000e0000000,0x00000000e33d2cc0,0x00000000e6400000)
 Metaspace       used 84512K, capacity 90486K, committed 90584K, reserved 1128448K
  class space    used 10260K, capacity 12234K, committed 12248K, reserved 1048576K
Event: 474.162 GC heap after
Heap after GC invocations=39 (full 10):
 PSYoungGen      total 86528K, used 0K [0x00000000f5580000, 0x00000000fc080000, 0x0000000100000000)
  eden space 70656K, 0% used [0x00000000f5580000,0x00000000f5580000,0x00000000f9a80000)
  from space 15872K, 0% used [0x00000000f9a80000,0x00000000f9a80000,0x00000000faa00000)
  to   space 15872K, 0% used [0x00000000fb100000,0x00000000fb100000,0x00000000fc080000)
 ParOldGen       total 102400K, used 47186K [0x00000000e0000000, 0x00000000e6400000, 0x00000000f5580000)
  object space 102400K, 46% used [0x00000000e0000000,0x00000000e2e14a78,0x00000000e6400000)
 Metaspace       used 84500K, capacity 90468K, committed 90584K, reserved 1128448K
  class space    used 10258K, capacity 12231K, committed 12248K, reserved 1048576K
}
Event: 533.912 GC heap before
{Heap before GC invocations=40 (full 10):
 PSYoungGen      total 86528K, used 10176K [0x00000000f5580000, 0x00000000fc080000, 0x0000000100000000)
  eden space 70656K, 14% used [0x00000000f5580000,0x00000000f5f703e8,0x00000000f9a80000)
  from space 15872K, 0% used [0x00000000f9a80000,0x00000000f9a80000,0x00000000faa00000)
  to   space 15872K, 0% used [0x00000000fb100000,0x00000000fb100000,0x00000000fc080000)
 ParOldGen       total 102400K, used 47186K [0x00000000e0000000, 0x00000000e6400000, 0x00000000f5580000)
  object space 102400K, 46% used [0x00000000e0000000,0x00000000e2e14a78,0x00000000e6400000)
 Metaspace       used 84549K, capacity 90532K, committed 90584K, reserved 1128448K
  class space    used 10258K, capacity 12231K, committed 12248K, reserved 1048576K
Event: 533.915 GC heap after
Heap after GC invocations=40 (full 10):
 PSYoungGen      total 93696K, used 320K [0x00000000f5580000, 0x00000000fc080000, 0x0000000100000000)
  eden space 77824K, 0% used [0x00000000f5580000,0x00000000f5580000,0x00000000fa180000)
  from space 15872K, 2% used [0x00000000fb100000,0x00000000fb150000,0x00000000fc080000)
  to   space 15872K, 0% used [0x00000000fa180000,0x00000000fa180000,0x00000000fb100000)
 ParOldGen       total 102400K, used 47194K [0x00000000e0000000, 0x00000000e6400000, 0x00000000f5580000)
  object space 102400K, 46% used [0x00000000e0000000,0x00000000e2e16a78,0x00000000e6400000)
 Metaspace       used 84549K, capacity 90532K, committed 90584K, reserved 1128448K
  class space    used 10258K, capacity 12231K, committed 12248K, reserved 1048576K
}
Event: 533.915 GC heap before
{Heap before GC invocations=41 (full 11):
 PSYoungGen      total 93696K, used 320K [0x00000000f5580000, 0x00000000fc080000, 0x0000000100000000)
  eden space 77824K, 0% used [0x00000000f5580000,0x00000000f5580000,0x00000000fa180000)
  from space 15872K, 2% used [0x00000000fb100000,0x00000000fb150000,0x00000000fc080000)
  to   space 15872K, 0% used [0x00000000fa180000,0x00000000fa180000,0x00000000fb100000)
 ParOldGen       total 102400K, used 47194K [0x00000000e0000000, 0x00000000e6400000, 0x00000000f5580000)
  object space 102400K, 46% used [0x00000000e0000000,0x00000000e2e16a78,0x00000000e6400000)
 Metaspace       used 84549K, capacity 90532K, committed 90584K, reserved 1128448K
  class space    used 10258K, capacity 12231K, committed 12248K, reserved 1048576K
Event: 534.163 GC heap after
Heap after GC invocations=41 (full 11):
 PSYoungGen      total 93696K, used 0K [0x00000000f5580000, 0x00000000fc080000, 0x0000000100000000)
  eden space 77824K, 0% used [0x00000000f5580000,0x00000000f5580000,0x00000000fa180000)
  from space 15872K, 0% used [0x00000000fb100000,0x00000000fb100000,0x00000000fc080000)
  to   space 15872K, 0% used [0x00000000fa180000,0x00000000fa180000,0x00000000fb100000)
 ParOldGen       total 102400K, used 45453K [0x00000000e0000000, 0x00000000e6400000, 0x00000000f5580000)
  object space 102400K, 44% used [0x00000000e0000000,0x00000000e2c63400,0x00000000e6400000)
 Metaspace       used 84549K, capacity 90532K, committed 90584K, reserved 1128448K
  class space    used 10258K, capacity 12231K, committed 12248K, reserved 1048576K
}

