# JRE version: Java(TM) SE Runtime Environment (8.0_25-b18) (build 1.8.0_25-b18)
# Java VM: Java HotSpot(TM) 64-Bit Server VM (25.25-b02 mixed mode windows-amd64 compressed oops)
Heap:
 PSYoungGen      total 78848K, used 47878K [0x00000000f5580000, 0x00000000fb380000, 0x0000000100000000)
  eden space 62464K, 76% used [0x00000000f5580000,0x00000000f8441838,0x00000000f9280000)
  from space 16384K, 0% used [0x00000000f9280000,0x00000000f9280000,0x00000000fa280000)
  to   space 16896K, 0% used [0x00000000fa300000,0x00000000fa300000,0x00000000fb380000)
 ParOldGen       total 94720K, used 34537K [0x00000000e0000000, 0x00000000e5c80000, 0x00000000f5580000)
  object space 94720K, 36% used [0x00000000e0000000,0x00000000e21ba6f8,0x00000000e5c80000)
 Metaspace       used 63612K, capacity 68738K, committed 68864K, reserved 1107968K
  class space    used 7821K, capacity 9445K, committed 9472K, reserved 1048576K
GC Heap History (10 events):
Event: 62.202 GC heap before
{Heap before GC invocations=16 (full 3):
 PSYoungGen      total 68096K, used 52736K [0x00000000f5580000, 0x00000000faa00000, 0x0000000100000000)
  eden space 52736K, 100% used [0x00000000f5580000,0x00000000f8900000,0x00000000f8900000)
  from space 15360K, 0% used [0x00000000f9a00000,0x00000000f9a00000,0x00000000fa900000)
  to   space 16896K, 0% used [0x00000000f8900000,0x00000000f8900000,0x00000000f9980000)
 ParOldGen       total 94720K, used 31189K [0x00000000e0000000, 0x00000000e5c80000, 0x00000000f5580000)
  object space 94720K, 32% used [0x00000000e0000000,0x00000000e1e754a8,0x00000000e5c80000)
 Metaspace       used 59275K, capacity 64468K, committed 64640K, reserved 1105920K
  class space    used 7416K, capacity 8984K, committed 9088K, reserved 1048576K
Event: 62.208 GC heap after
Heap after GC invocations=16 (full 3):
 PSYoungGen      total 69632K, used 8243K [0x00000000f5580000, 0x00000000fb280000, 0x0000000100000000)
  eden space 52736K, 0% used [0x00000000f5580000,0x00000000f5580000,0x00000000f8900000)
  from space 16896K, 48% used [0x00000000f8900000,0x00000000f910cf60,0x00000000f9980000)
  to   space 16384K, 0% used [0x00000000fa280000,0x00000000fa280000,0x00000000fb280000)
 ParOldGen       total 94720K, used 31197K [0x00000000e0000000, 0x00000000e5c80000, 0x00000000f5580000)
  object space 94720K, 32% used [0x00000000e0000000,0x00000000e1e774a8,0x00000000e5c80000)
 Metaspace       used 59275K, capacity 64468K, committed 64640K, reserved 1105920K
  class space    used 7416K, capacity 8984K, committed 9088K, reserved 1048576K
}
Event: 84.254 GC heap before
{Heap before GC invocations=17 (full 3):
 PSYoungGen      total 69632K, used 26239K [0x00000000f5580000, 0x00000000fb280000, 0x0000000100000000)
  eden space 52736K, 34% used [0x00000000f5580000,0x00000000f6712fb0,0x00000000f8900000)
  from space 16896K, 48% used [0x00000000f8900000,0x00000000f910cf60,0x00000000f9980000)
  to   space 16384K, 0% used [0x00000000fa280000,0x00000000fa280000,0x00000000fb280000)
 ParOldGen       total 94720K, used 31197K [0x00000000e0000000, 0x00000000e5c80000, 0x00000000f5580000)
  object space 94720K, 32% used [0x00000000e0000000,0x00000000e1e774a8,0x00000000e5c80000)
 Metaspace       used 59448K, capacity 64596K, committed 64896K, reserved 1105920K
  class space    used 7419K, capacity 8984K, committed 9088K, reserved 1048576K
Event: 84.258 GC heap after
Heap after GC invocations=17 (full 3):
 PSYoungGen      total 78848K, used 4224K [0x00000000f5580000, 0x00000000fb280000, 0x0000000100000000)
  eden space 62464K, 0% used [0x00000000f5580000,0x00000000f5580000,0x00000000f9280000)
  from space 16384K, 25% used [0x00000000fa280000,0x00000000fa6a0010,0x00000000fb280000)
  to   space 16384K, 0% used [0x00000000f9280000,0x00000000f9280000,0x00000000fa280000)
 ParOldGen       total 94720K, used 31205K [0x00000000e0000000, 0x00000000e5c80000, 0x00000000f5580000)
  object space 94720K, 32% used [0x00000000e0000000,0x00000000e1e794a8,0x00000000e5c80000)
 Metaspace       used 59448K, capacity 64596K, committed 64896K, reserved 1105920K
  class space    used 7419K, capacity 8984K, committed 9088K, reserved 1048576K
}
Event: 84.258 GC heap before
{Heap before GC invocations=18 (full 4):
 PSYoungGen      total 78848K, used 4224K [0x00000000f5580000, 0x00000000fb280000, 0x0000000100000000)
  eden space 62464K, 0% used [0x00000000f5580000,0x00000000f5580000,0x00000000f9280000)
  from space 16384K, 25% used [0x00000000fa280000,0x00000000fa6a0010,0x00000000fb280000)
  to   space 16384K, 0% used [0x00000000f9280000,0x00000000f9280000,0x00000000fa280000)
 ParOldGen       total 94720K, used 31205K [0x00000000e0000000, 0x00000000e5c80000, 0x00000000f5580000)
  object space 94720K, 32% used [0x00000000e0000000,0x00000000e1e794a8,0x00000000e5c80000)
 Metaspace       used 59448K, capacity 64596K, committed 64896K, reserved 1105920K
  class space    used 7419K, capacity 8984K, committed 9088K, reserved 1048576K
Event: 84.502 GC heap after
Heap after GC invocations=18 (full 4):
 PSYoungGen      total 78848K, used 0K [0x00000000f5580000, 0x00000000fb280000, 0x0000000100000000)
  eden space 62464K, 0% used [0x00000000f5580000,0x00000000f5580000,0x00000000f9280000)
  from space 16384K, 0% used [0x00000000fa280000,0x00000000fa280000,0x00000000fb280000)
  to   space 16384K, 0% used [0x00000000f9280000,0x00000000f9280000,0x00000000fa280000)
 ParOldGen       total 94720K, used 31731K [0x00000000e0000000, 0x00000000e5c80000, 0x00000000f5580000)
  object space 94720K, 33% used [0x00000000e0000000,0x00000000e1efcfc0,0x00000000e5c80000)
 Metaspace       used 59448K, capacity 64596K, committed 64896K, reserved 1105920K
  class space    used 7419K, capacity 8984K, committed 9088K, reserved 1048576K
}
Event: 153.164 GC heap before
{Heap before GC invocations=19 (full 4):
 PSYoungGen      total 78848K, used 36462K [0x00000000f5580000, 0x00000000fb280000, 0x0000000100000000)
  eden space 62464K, 58% used [0x00000000f5580000,0x00000000f791bb38,0x00000000f9280000)
  from space 16384K, 0% used [0x00000000fa280000,0x00000000fa280000,0x00000000fb280000)
  to   space 16384K, 0% used [0x00000000f9280000,0x00000000f9280000,0x00000000fa280000)
 ParOldGen       total 94720K, used 31731K [0x00000000e0000000, 0x00000000e5c80000, 0x00000000f5580000)
  object space 94720K, 33% used [0x00000000e0000000,0x00000000e1efcfc0,0x00000000e5c80000)
 Metaspace       used 62117K, capacity 67360K, committed 67456K, reserved 1107968K
  class space    used 7669K, capacity 9308K, committed 9344K, reserved 1048576K
Event: 153.167 GC heap after
Heap after GC invocations=19 (full 4):
 PSYoungGen      total 78848K, used 3402K [0x00000000f5580000, 0x00000000fb380000, 0x0000000100000000)
  eden space 62464K, 0% used [0x00000000f5580000,0x00000000f5580000,0x00000000f9280000)
  from space 16384K, 20% used [0x00000000f9280000,0x00000000f95d2888,0x00000000fa280000)
  to   space 16896K, 0% used [0x00000000fa300000,0x00000000fa300000,0x00000000fb380000)
 ParOldGen       total 94720K, used 31739K [0x00000000e0000000, 0x00000000e5c80000, 0x00000000f5580000)
  object space 94720K, 33% used [0x00000000e0000000,0x00000000e1efefc0,0x00000000e5c80000)
 Metaspace       used 62117K, capacity 67360K, committed 67456K, reserved 1107968K
  class space    used 7669K, capacity 9308K, committed 9344K, reserved 1048576K
}
Event: 153.167 GC heap before
{Heap before GC invocations=20 (full 5):
 PSYoungGen      total 78848K, used 3402K [0x00000000f5580000, 0x00000000fb380000, 0x0000000100000000)
  eden space 62464K, 0% used [0x00000000f5580000,0x00000000f5580000,0x00000000f9280000)
  from space 16384K, 20% used [0x00000000f9280000,0x00000000f95d2888,0x00000000fa280000)
  to   space 16896K, 0% used [0x00000000fa300000,0x00000000fa300000,0x00000000fb380000)
 ParOldGen       total 94720K, used 31739K [0x00000000e0000000, 0x00000000e5c80000, 0x00000000f5580000)
  object space 94720K, 33% used [0x00000000e0000000,0x00000000e1efefc0,0x00000000e5c80000)
 Metaspace       used 62117K, capacity 67360K, committed 67456K, reserved 1107968K
  class space    used 7669K, capacity 9308K, committed 9344K, reserved 1048576K
Event: 153.406 GC heap after
Heap after GC invocations=20 (full 5):
 PSYoungGen      total 78848K, used 0K [0x00000000f5580000, 0x00000000fb380000, 0x0000000100000000)
  eden space 62464K, 0% used [0x00000000f5580000,0x00000000f5580000,0x00000000f9280000)
  from space 16384K, 0% used [0x00000000f9280000,0x00000000f9280000,0x00000000fa280000)
  to   space 16896K, 0% used [0x00000000fa300000,0x00000000fa300000,0x00000000fb380000)
 ParOldGen       total 94720K, used 34537K [0x00000000e0000000, 0x00000000e5c80000, 0x00000000f5580000)
  object space 94720K, 36% used [0x00000000e0000000,0x00000000e21ba6f8,0x00000000e5c80000)
 Metaspace       used 62117K, capacity 67360K, committed 67456K, reserved 1107968K
  class space    used 7669K, capacity 9308K, committed 9344K, reserved 1048576K
}

