# JRE version: Java(TM) SE Runtime Environment (8.0_25-b18) (build 1.8.0_25-b18)
# Java VM: Java HotSpot(TM) 64-Bit Server VM (25.25-b02 mixed mode windows-amd64 compressed oops)
Heap:
 PSYoungGen      total 85504K, used 26695K [0x00000000f5580000, 0x00000000fc180000, 0x0000000100000000)
  eden space 60416K, 44% used [0x00000000f5580000,0x00000000f6f91f40,0x00000000f9080000)
  from space 25088K, 0% used [0x00000000fa900000,0x00000000fa900000,0x00000000fc180000)
  to   space 25088K, 0% used [0x00000000f9080000,0x00000000f9080000,0x00000000fa900000)
 ParOldGen       total 107520K, used 49817K [0x00000000e0000000, 0x00000000e6900000, 0x00000000f5580000)
  object space 107520K, 46% used [0x00000000e0000000,0x00000000e30a66b0,0x00000000e6900000)
 Metaspace       used 79766K, capacity 85276K, committed 85632K, reserved 1124352K
  class space    used 9889K, capacity 11541K, committed 11648K, reserved 1048576K
GC Heap History (10 events):
Event: 316.086 GC heap before
{Heap before GC invocations=30 (full 8):
 PSYoungGen      total 86016K, used 3773K [0x00000000f5580000, 0x00000000fc380000, 0x0000000100000000)
  eden space 60416K, 0% used [0x00000000f5580000,0x00000000f5580000,0x00000000f9080000)
  from space 25600K, 14% used [0x00000000faa80000,0x00000000fae2f5e0,0x00000000fc380000)
  to   space 26112K, 0% used [0x00000000f9080000,0x00000000f9080000,0x00000000faa00000)
 ParOldGen       total 107520K, used 47846K [0x00000000e0000000, 0x00000000e6900000, 0x00000000f5580000)
  object space 107520K, 44% used [0x00000000e0000000,0x00000000e2eb9960,0x00000000e6900000)
 Metaspace       used 78070K, capacity 83700K, committed 83968K, reserved 1122304K
  class space    used 9737K, capacity 11442K, committed 11520K, reserved 1048576K
Event: 316.405 GC heap after
Heap after GC invocations=30 (full 8):
 PSYoungGen      total 86016K, used 0K [0x00000000f5580000, 0x00000000fc380000, 0x0000000100000000)
  eden space 60416K, 0% used [0x00000000f5580000,0x00000000f5580000,0x00000000f9080000)
  from space 25600K, 0% used [0x00000000faa80000,0x00000000faa80000,0x00000000fc380000)
  to   space 26112K, 0% used [0x00000000f9080000,0x00000000f9080000,0x00000000faa00000)
 ParOldGen       total 107520K, used 49950K [0x00000000e0000000, 0x00000000e6900000, 0x00000000f5580000)
  object space 107520K, 46% used [0x00000000e0000000,0x00000000e30c7990,0x00000000e6900000)
 Metaspace       used 78070K, capacity 83700K, committed 83968K, reserved 1122304K
  class space    used 9737K, capacity 11442K, committed 11520K, reserved 1048576K
}
Event: 376.099 GC heap before
{Heap before GC invocations=31 (full 8):
 PSYoungGen      total 86016K, used 27896K [0x00000000f5580000, 0x00000000fc380000, 0x0000000100000000)
  eden space 60416K, 46% used [0x00000000f5580000,0x00000000f70be280,0x00000000f9080000)
  from space 25600K, 0% used [0x00000000faa80000,0x00000000faa80000,0x00000000fc380000)
  to   space 26112K, 0% used [0x00000000f9080000,0x00000000f9080000,0x00000000faa00000)
 ParOldGen       total 107520K, used 49950K [0x00000000e0000000, 0x00000000e6900000, 0x00000000f5580000)
  object space 107520K, 46% used [0x00000000e0000000,0x00000000e30c7990,0x00000000e6900000)
 Metaspace       used 78713K, capacity 84244K, committed 84480K, reserved 1122304K
  class space    used 9791K, capacity 11474K, committed 11520K, reserved 1048576K
Event: 376.103 GC heap after
Heap after GC invocations=31 (full 8):
 PSYoungGen      total 62464K, used 1939K [0x00000000f5580000, 0x00000000fc180000, 0x0000000100000000)
  eden space 60416K, 0% used [0x00000000f5580000,0x00000000f5580000,0x00000000f9080000)
  from space 2048K, 94% used [0x00000000f9080000,0x00000000f9264cf0,0x00000000f9280000)
  to   space 25088K, 0% used [0x00000000fa900000,0x00000000fa900000,0x00000000fc180000)
 ParOldGen       total 107520K, used 49958K [0x00000000e0000000, 0x00000000e6900000, 0x00000000f5580000)
  object space 107520K, 46% used [0x00000000e0000000,0x00000000e30c9990,0x00000000e6900000)
 Metaspace       used 78713K, capacity 84244K, committed 84480K, reserved 1122304K
  class space    used 9791K, capacity 11474K, committed 11520K, reserved 1048576K
}
Event: 376.103 GC heap before
{Heap before GC invocations=32 (full 9):
 PSYoungGen      total 62464K, used 1939K [0x00000000f5580000, 0x00000000fc180000, 0x0000000100000000)
  eden space 60416K, 0% used [0x00000000f5580000,0x00000000f5580000,0x00000000f9080000)
  from space 2048K, 94% used [0x00000000f9080000,0x00000000f9264cf0,0x00000000f9280000)
  to   space 25088K, 0% used [0x00000000fa900000,0x00000000fa900000,0x00000000fc180000)
 ParOldGen       total 107520K, used 49958K [0x00000000e0000000, 0x00000000e6900000, 0x00000000f5580000)
  object space 107520K, 46% used [0x00000000e0000000,0x00000000e30c9990,0x00000000e6900000)
 Metaspace       used 78713K, capacity 84244K, committed 84480K, reserved 1122304K
  class space    used 9791K, capacity 11474K, committed 11520K, reserved 1048576K
Event: 376.382 GC heap after
Heap after GC invocations=32 (full 9):
 PSYoungGen      total 62464K, used 0K [0x00000000f5580000, 0x00000000fc180000, 0x0000000100000000)
  eden space 60416K, 0% used [0x00000000f5580000,0x00000000f5580000,0x00000000f9080000)
  from space 2048K, 0% used [0x00000000f9080000,0x00000000f9080000,0x00000000f9280000)
  to   space 25088K, 0% used [0x00000000fa900000,0x00000000fa900000,0x00000000fc180000)
 ParOldGen       total 107520K, used 50093K [0x00000000e0000000, 0x00000000e6900000, 0x00000000f5580000)
  object space 107520K, 46% used [0x00000000e0000000,0x00000000e30eb5f0,0x00000000e6900000)
 Metaspace       used 78713K, capacity 84244K, committed 84480K, reserved 1122304K
  class space    used 9791K, capacity 11474K, committed 11520K, reserved 1048576K
}
Event: 436.111 GC heap before
{Heap before GC invocations=33 (full 9):
 PSYoungGen      total 62464K, used 16195K [0x00000000f5580000, 0x00000000fc180000, 0x0000000100000000)
  eden space 60416K, 26% used [0x00000000f5580000,0x00000000f6550c38,0x00000000f9080000)
  from space 2048K, 0% used [0x00000000f9080000,0x00000000f9080000,0x00000000f9280000)
  to   space 25088K, 0% used [0x00000000fa900000,0x00000000fa900000,0x00000000fc180000)
 ParOldGen       total 107520K, used 50093K [0x00000000e0000000, 0x00000000e6900000, 0x00000000f5580000)
  object space 107520K, 46% used [0x00000000e0000000,0x00000000e30eb5f0,0x00000000e6900000)
 Metaspace       used 78876K, capacity 84442K, committed 84736K, reserved 1122304K
  class space    used 9799K, capacity 11475K, committed 11520K, reserved 1048576K
Event: 436.114 GC heap after
Heap after GC invocations=33 (full 9):
 PSYoungGen      total 85504K, used 672K [0x00000000f5580000, 0x00000000fc180000, 0x0000000100000000)
  eden space 60416K, 0% used [0x00000000f5580000,0x00000000f5580000,0x00000000f9080000)
  from space 25088K, 2% used [0x00000000fa900000,0x00000000fa9a8000,0x00000000fc180000)
  to   space 25088K, 0% used [0x00000000f9080000,0x00000000f9080000,0x00000000fa900000)
 ParOldGen       total 107520K, used 50101K [0x00000000e0000000, 0x00000000e6900000, 0x00000000f5580000)
  object space 107520K, 46% used [0x00000000e0000000,0x00000000e30ed5f0,0x00000000e6900000)
 Metaspace       used 78876K, capacity 84442K, committed 84736K, reserved 1122304K
  class space    used 9799K, capacity 11475K, committed 11520K, reserved 1048576K
}
Event: 436.114 GC heap before
{Heap before GC invocations=34 (full 10):
 PSYoungGen      total 85504K, used 672K [0x00000000f5580000, 0x00000000fc180000, 0x0000000100000000)
  eden space 60416K, 0% used [0x00000000f5580000,0x00000000f5580000,0x00000000f9080000)
  from space 25088K, 2% used [0x00000000fa900000,0x00000000fa9a8000,0x00000000fc180000)
  to   space 25088K, 0% used [0x00000000f9080000,0x00000000f9080000,0x00000000fa900000)
 ParOldGen       total 107520K, used 50101K [0x00000000e0000000, 0x00000000e6900000, 0x00000000f5580000)
  object space 107520K, 46% used [0x00000000e0000000,0x00000000e30ed5f0,0x00000000e6900000)
 Metaspace       used 78876K, capacity 84442K, committed 84736K, reserved 1122304K
  class space    used 9799K, capacity 11475K, committed 11520K, reserved 1048576K
Event: 436.283 GC heap after
Heap after GC invocations=34 (full 10):
 PSYoungGen      total 85504K, used 0K [0x00000000f5580000, 0x00000000fc180000, 0x0000000100000000)
  eden space 60416K, 0% used [0x00000000f5580000,0x00000000f5580000,0x00000000f9080000)
  from space 25088K, 0% used [0x00000000fa900000,0x00000000fa900000,0x00000000fc180000)
  to   space 25088K, 0% used [0x00000000f9080000,0x00000000f9080000,0x00000000fa900000)
 ParOldGen       total 107520K, used 49817K [0x00000000e0000000, 0x00000000e6900000, 0x00000000f5580000)
  object space 107520K, 46% used [0x00000000e0000000,0x00000000e30a66b0,0x00000000e6900000)
 Metaspace       used 78876K, capacity 84442K, committed 84736K, reserved 1122304K
  class space    used 9799K, capacity 11475K, committed 11520K, reserved 1048576K
}

