# JRE version: Java(TM) SE Runtime Environment (8.0_25-b18) (build 1.8.0_25-b18)
# Java VM: Java HotSpot(TM) 64-Bit Server VM (25.25-b02 mixed mode windows-amd64 compressed oops)
Heap:
 PSYoungGen      total 77312K, used 30514K [0x00000000f5580000, 0x00000000fb080000, 0x0000000100000000)
  eden space 68608K, 31% used [0x00000000f5580000,0x00000000f6ae7440,0x00000000f9880000)
  from space 8704K, 98% used [0x00000000f9a00000,0x00000000fa265768,0x00000000fa280000)
  to   space 12288K, 0% used [0x00000000fa480000,0x00000000fa480000,0x00000000fb080000)
 ParOldGen       total 102400K, used 56235K [0x00000000e0000000, 0x00000000e6400000, 0x00000000f5580000)
  object space 102400K, 54% used [0x00000000e0000000,0x00000000e36ead78,0x00000000e6400000)
 Metaspace       used 91456K, capacity 97894K, committed 98176K, reserved 1134592K
  class space    used 10829K, capacity 12817K, committed 12928K, reserved 1048576K
GC Heap History (10 events):
Event: 948.195 GC heap before
{Heap before GC invocations=56 (full 7):
 PSYoungGen      total 82944K, used 77190K [0x00000000f5580000, 0x00000000fb800000, 0x0000000100000000)
  eden space 69120K, 100% used [0x00000000f5580000,0x00000000f9900000,0x00000000f9900000)
  from space 13824K, 58% used [0x00000000fa600000,0x00000000fade1898,0x00000000fb380000)
  to   space 13312K, 0% used [0x00000000f9900000,0x00000000f9900000,0x00000000fa600000)
 ParOldGen       total 102400K, used 54271K [0x00000000e0000000, 0x00000000e6400000, 0x00000000f5580000)
  object space 102400K, 52% used [0x00000000e0000000,0x00000000e34ffd78,0x00000000e6400000)
 Metaspace       used 90238K, capacity 96424K, committed 96640K, reserved 1132544K
  class space    used 10738K, capacity 12647K, committed 12672K, reserved 1048576K
Event: 948.201 GC heap after
Heap after GC invocations=56 (full 7):
 PSYoungGen      total 82432K, used 7260K [0x00000000f5580000, 0x00000000fb700000, 0x0000000100000000)
  eden space 69120K, 0% used [0x00000000f5580000,0x00000000f5580000,0x00000000f9900000)
  from space 13312K, 54% used [0x00000000f9900000,0x00000000fa017210,0x00000000fa600000)
  to   space 12800K, 0% used [0x00000000faa80000,0x00000000faa80000,0x00000000fb700000)
 ParOldGen       total 102400K, used 54439K [0x00000000e0000000, 0x00000000e6400000, 0x00000000f5580000)
  object space 102400K, 53% used [0x00000000e0000000,0x00000000e3529d78,0x00000000e6400000)
 Metaspace       used 90238K, capacity 96424K, committed 96640K, reserved 1132544K
  class space    used 10738K, capacity 12647K, committed 12672K, reserved 1048576K
}
Event: 972.829 GC heap before
{Heap before GC invocations=57 (full 7):
 PSYoungGen      total 82432K, used 76380K [0x00000000f5580000, 0x00000000fb700000, 0x0000000100000000)
  eden space 69120K, 100% used [0x00000000f5580000,0x00000000f9900000,0x00000000f9900000)
  from space 13312K, 54% used [0x00000000f9900000,0x00000000fa017210,0x00000000fa600000)
  to   space 12800K, 0% used [0x00000000faa80000,0x00000000faa80000,0x00000000fb700000)
 ParOldGen       total 102400K, used 54439K [0x00000000e0000000, 0x00000000e6400000, 0x00000000f5580000)
  object space 102400K, 53% used [0x00000000e0000000,0x00000000e3529d78,0x00000000e6400000)
 Metaspace       used 90362K, capacity 96558K, committed 96640K, reserved 1132544K
  class space    used 10740K, capacity 12648K, committed 12672K, reserved 1048576K
Event: 972.835 GC heap after
Heap after GC invocations=57 (full 7):
 PSYoungGen      total 84992K, used 8417K [0x00000000f5580000, 0x00000000fb600000, 0x0000000100000000)
  eden space 73216K, 0% used [0x00000000f5580000,0x00000000f5580000,0x00000000f9d00000)
  from space 11776K, 71% used [0x00000000faa80000,0x00000000fb2b8760,0x00000000fb600000)
  to   space 12800K, 0% used [0x00000000f9d00000,0x00000000f9d00000,0x00000000fa980000)
 ParOldGen       total 102400K, used 54935K [0x00000000e0000000, 0x00000000e6400000, 0x00000000f5580000)
  object space 102400K, 53% used [0x00000000e0000000,0x00000000e35a5d88,0x00000000e6400000)
 Metaspace       used 90362K, capacity 96558K, committed 96640K, reserved 1132544K
  class space    used 10740K, capacity 12648K, committed 12672K, reserved 1048576K
}
Event: 1043.819 GC heap before
{Heap before GC invocations=58 (full 7):
 PSYoungGen      total 84992K, used 81633K [0x00000000f5580000, 0x00000000fb600000, 0x0000000100000000)
  eden space 73216K, 100% used [0x00000000f5580000,0x00000000f9d00000,0x00000000f9d00000)
  from space 11776K, 71% used [0x00000000faa80000,0x00000000fb2b8760,0x00000000fb600000)
  to   space 12800K, 0% used [0x00000000f9d00000,0x00000000f9d00000,0x00000000fa980000)
 ParOldGen       total 102400K, used 54935K [0x00000000e0000000, 0x00000000e6400000, 0x00000000f5580000)
  object space 102400K, 53% used [0x00000000e0000000,0x00000000e35a5d88,0x00000000e6400000)
 Metaspace       used 90563K, capacity 96724K, committed 97024K, reserved 1134592K
  class space    used 10750K, capacity 12681K, committed 12800K, reserved 1048576K
Event: 1043.826 GC heap after
Heap after GC invocations=58 (full 7):
 PSYoungGen      total 80896K, used 9016K [0x00000000f5580000, 0x00000000fb480000, 0x0000000100000000)
  eden space 71680K, 0% used [0x00000000f5580000,0x00000000f5580000,0x00000000f9b80000)
  from space 9216K, 97% used [0x00000000f9d00000,0x00000000fa5ce1c8,0x00000000fa600000)
  to   space 12800K, 0% used [0x00000000fa800000,0x00000000fa800000,0x00000000fb480000)
 ParOldGen       total 102400K, used 55198K [0x00000000e0000000, 0x00000000e6400000, 0x00000000f5580000)
  object space 102400K, 53% used [0x00000000e0000000,0x00000000e35e7b98,0x00000000e6400000)
 Metaspace       used 90563K, capacity 96724K, committed 97024K, reserved 1134592K
  class space    used 10750K, capacity 12681K, committed 12800K, reserved 1048576K
}
Event: 1106.472 GC heap before
{Heap before GC invocations=59 (full 7):
 PSYoungGen      total 80896K, used 80696K [0x00000000f5580000, 0x00000000fb480000, 0x0000000100000000)
  eden space 71680K, 100% used [0x00000000f5580000,0x00000000f9b80000,0x00000000f9b80000)
  from space 9216K, 97% used [0x00000000f9d00000,0x00000000fa5ce1c8,0x00000000fa600000)
  to   space 12800K, 0% used [0x00000000fa800000,0x00000000fa800000,0x00000000fb480000)
 ParOldGen       total 102400K, used 55198K [0x00000000e0000000, 0x00000000e6400000, 0x00000000f5580000)
  object space 102400K, 53% used [0x00000000e0000000,0x00000000e35e7b98,0x00000000e6400000)
 Metaspace       used 90698K, capacity 97046K, committed 97280K, reserved 1134592K
  class space    used 10753K, capacity 12683K, committed 12800K, reserved 1048576K
Event: 1106.479 GC heap after
Heap after GC invocations=59 (full 7):
 PSYoungGen      total 80384K, used 8599K [0x00000000f5580000, 0x00000000fb200000, 0x0000000100000000)
  eden space 70144K, 0% used [0x00000000f5580000,0x00000000f5580000,0x00000000f9a00000)
  from space 10240K, 83% used [0x00000000fa800000,0x00000000fb065f78,0x00000000fb200000)
  to   space 12288K, 0% used [0x00000000f9a00000,0x00000000f9a00000,0x00000000fa600000)
 ParOldGen       total 102400K, used 56035K [0x00000000e0000000, 0x00000000e6400000, 0x00000000f5580000)
  object space 102400K, 54% used [0x00000000e0000000,0x00000000e36b8f68,0x00000000e6400000)
 Metaspace       used 90698K, capacity 97046K, committed 97280K, reserved 1134592K
  class space    used 10753K, capacity 12683K, committed 12800K, reserved 1048576K
}
Event: 1168.796 GC heap before
{Heap before GC invocations=60 (full 7):
 PSYoungGen      total 80384K, used 78743K [0x00000000f5580000, 0x00000000fb200000, 0x0000000100000000)
  eden space 70144K, 100% used [0x00000000f5580000,0x00000000f9a00000,0x00000000f9a00000)
  from space 10240K, 83% used [0x00000000fa800000,0x00000000fb065f78,0x00000000fb200000)
  to   space 12288K, 0% used [0x00000000f9a00000,0x00000000f9a00000,0x00000000fa600000)
 ParOldGen       total 102400K, used 56035K [0x00000000e0000000, 0x00000000e6400000, 0x00000000f5580000)
  object space 102400K, 54% used [0x00000000e0000000,0x00000000e36b8f68,0x00000000e6400000)
 Metaspace       used 90957K, capacity 97398K, committed 97536K, reserved 1134592K
  class space    used 10775K, capacity 12715K, committed 12800K, reserved 1048576K
Event: 1168.804 GC heap after
Heap after GC invocations=60 (full 7):
 PSYoungGen      total 77312K, used 8597K [0x00000000f5580000, 0x00000000fb080000, 0x0000000100000000)
  eden space 68608K, 0% used [0x00000000f5580000,0x00000000f5580000,0x00000000f9880000)
  from space 8704K, 98% used [0x00000000f9a00000,0x00000000fa265768,0x00000000fa280000)
  to   space 12288K, 0% used [0x00000000fa480000,0x00000000fa480000,0x00000000fb080000)
 ParOldGen       total 102400K, used 56235K [0x00000000e0000000, 0x00000000e6400000, 0x00000000f5580000)
  object space 102400K, 54% used [0x00000000e0000000,0x00000000e36ead78,0x00000000e6400000)
 Metaspace       used 90957K, capacity 97398K, committed 97536K, reserved 1134592K
  class space    used 10775K, capacity 12715K, committed 12800K, reserved 1048576K
}

