# JRE version: Java(TM) SE Runtime Environment (8.0_25-b18) (build 1.8.0_25-b18)
# Java VM: Java HotSpot(TM) 64-Bit Server VM (25.25-b02 mixed mode windows-amd64 compressed oops)
Heap:
 PSYoungGen      total 152576K, used 27139K [0x00000000f5580000, 0x0000000100000000, 0x0000000100000000)
  eden space 130048K, 20% used [0x00000000f5580000,0x00000000f7000ec8,0x00000000fd480000)
  from space 22528K, 0% used [0x00000000fea00000,0x00000000fea00000,0x0000000100000000)
  to   space 22016K, 0% used [0x00000000fd480000,0x00000000fd480000,0x00000000fea00000)
 ParOldGen       total 83968K, used 42459K [0x00000000e0000000, 0x00000000e5200000, 0x00000000f5580000)
  object space 83968K, 50% used [0x00000000e0000000,0x00000000e2976c28,0x00000000e5200000)
 Metaspace       used 74597K, capacity 80262K, committed 80304K, reserved 1118208K
  class space    used 9391K, capacity 11184K, committed 11212K, reserved 1048576K
GC Heap History (10 events):
Event: 10.305 GC heap before
{Heap before GC invocations=14 (full 2):
 PSYoungGen      total 103936K, used 14731K [0x00000000f5580000, 0x00000000fe900000, 0x0000000100000000)
  eden space 84992K, 2% used [0x00000000f5580000,0x00000000f5795c28,0x00000000fa880000)
  from space 18944K, 66% used [0x00000000fa880000,0x00000000fb4cd3c8,0x00000000fbb00000)
  to   space 19456K, 0% used [0x00000000fd600000,0x00000000fd600000,0x00000000fe900000)
 ParOldGen       total 63488K, used 19486K [0x00000000e0000000, 0x00000000e3e00000, 0x00000000f5580000)
  object space 63488K, 30% used [0x00000000e0000000,0x00000000e1307bd0,0x00000000e3e00000)
 Metaspace       used 54677K, capacity 59730K, committed 59824K, reserved 1101824K
  class space    used 6889K, capacity 8396K, committed 8396K, reserved 1048576K
Event: 10.314 GC heap after
Heap after GC invocations=14 (full 2):
 PSYoungGen      total 132608K, used 8847K [0x00000000f5580000, 0x00000000fec00000, 0x0000000100000000)
  eden space 113152K, 0% used [0x00000000f5580000,0x00000000f5580000,0x00000000fc400000)
  from space 19456K, 45% used [0x00000000fd600000,0x00000000fdea3d10,0x00000000fe900000)
  to   space 18432K, 0% used [0x00000000fc400000,0x00000000fc400000,0x00000000fd600000)
 ParOldGen       total 63488K, used 23419K [0x00000000e0000000, 0x00000000e3e00000, 0x00000000f5580000)
  object space 63488K, 36% used [0x00000000e0000000,0x00000000e16def38,0x00000000e3e00000)
 Metaspace       used 54677K, capacity 59730K, committed 59824K, reserved 1101824K
  class space    used 6889K, capacity 8396K, committed 8396K, reserved 1048576K
}
Event: 10.314 GC heap before
{Heap before GC invocations=15 (full 3):
 PSYoungGen      total 132608K, used 8847K [0x00000000f5580000, 0x00000000fec00000, 0x0000000100000000)
  eden space 113152K, 0% used [0x00000000f5580000,0x00000000f5580000,0x00000000fc400000)
  from space 19456K, 45% used [0x00000000fd600000,0x00000000fdea3d10,0x00000000fe900000)
  to   space 18432K, 0% used [0x00000000fc400000,0x00000000fc400000,0x00000000fd600000)
 ParOldGen       total 63488K, used 23419K [0x00000000e0000000, 0x00000000e3e00000, 0x00000000f5580000)
  object space 63488K, 36% used [0x00000000e0000000,0x00000000e16def38,0x00000000e3e00000)
 Metaspace       used 54677K, capacity 59730K, committed 59824K, reserved 1101824K
  class space    used 6889K, capacity 8396K, committed 8396K, reserved 1048576K
Event: 10.543 GC heap after
Heap after GC invocations=15 (full 3):
 PSYoungGen      total 132608K, used 0K [0x00000000f5580000, 0x00000000fec00000, 0x0000000100000000)
  eden space 113152K, 0% used [0x00000000f5580000,0x00000000f5580000,0x00000000fc400000)
  from space 19456K, 0% used [0x00000000fd600000,0x00000000fd600000,0x00000000fe900000)
  to   space 18432K, 0% used [0x00000000fc400000,0x00000000fc400000,0x00000000fd600000)
 ParOldGen       total 83968K, used 31424K [0x00000000e0000000, 0x00000000e5200000, 0x00000000f5580000)
  object space 83968K, 37% used [0x00000000e0000000,0x00000000e1eb03c0,0x00000000e5200000)
 Metaspace       used 54677K, capacity 59730K, committed 59824K, reserved 1101824K
  class space    used 6889K, capacity 8396K, committed 8396K, reserved 1048576K
}
Event: 68.994 GC heap before
{Heap before GC invocations=16 (full 3):
 PSYoungGen      total 132608K, used 113152K [0x00000000f5580000, 0x00000000fec00000, 0x0000000100000000)
  eden space 113152K, 100% used [0x00000000f5580000,0x00000000fc400000,0x00000000fc400000)
  from space 19456K, 0% used [0x00000000fd600000,0x00000000fd600000,0x00000000fe900000)
  to   space 18432K, 0% used [0x00000000fc400000,0x00000000fc400000,0x00000000fd600000)
 ParOldGen       total 83968K, used 31427K [0x00000000e0000000, 0x00000000e5200000, 0x00000000f5580000)
  object space 83968K, 37% used [0x00000000e0000000,0x00000000e1eb0da0,0x00000000e5200000)
 Metaspace       used 70489K, capacity 75916K, committed 76208K, reserved 1114112K
  class space    used 8889K, capacity 10620K, committed 10700K, reserved 1048576K
Event: 69.017 GC heap after
Heap after GC invocations=16 (full 3):
 PSYoungGen      total 131584K, used 18422K [0x00000000f5580000, 0x0000000100000000, 0x0000000100000000)
  eden space 113152K, 0% used [0x00000000f5580000,0x00000000f5580000,0x00000000fc400000)
  from space 18432K, 99% used [0x00000000fc400000,0x00000000fd5fdbc8,0x00000000fd600000)
  to   space 22528K, 0% used [0x00000000fea00000,0x00000000fea00000,0x0000000100000000)
 ParOldGen       total 83968K, used 35756K [0x00000000e0000000, 0x00000000e5200000, 0x00000000f5580000)
  object space 83968K, 42% used [0x00000000e0000000,0x00000000e22eb2c0,0x00000000e5200000)
 Metaspace       used 70489K, capacity 75916K, committed 76208K, reserved 1114112K
  class space    used 8889K, capacity 10620K, committed 10700K, reserved 1048576K
}
Event: 75.128 GC heap before
{Heap before GC invocations=17 (full 3):
 PSYoungGen      total 131584K, used 46671K [0x00000000f5580000, 0x0000000100000000, 0x0000000100000000)
  eden space 113152K, 24% used [0x00000000f5580000,0x00000000f7116040,0x00000000fc400000)
  from space 18432K, 99% used [0x00000000fc400000,0x00000000fd5fdbc8,0x00000000fd600000)
  to   space 22528K, 0% used [0x00000000fea00000,0x00000000fea00000,0x0000000100000000)
 ParOldGen       total 83968K, used 35756K [0x00000000e0000000, 0x00000000e5200000, 0x00000000f5580000)
  object space 83968K, 42% used [0x00000000e0000000,0x00000000e22eb2c0,0x00000000e5200000)
 Metaspace       used 73364K, capacity 79046K, committed 79152K, reserved 1118208K
  class space    used 9262K, capacity 11056K, committed 11084K, reserved 1048576K
Event: 75.140 GC heap after
Heap after GC invocations=17 (full 3):
 PSYoungGen      total 152576K, used 12367K [0x00000000f5580000, 0x0000000100000000, 0x0000000100000000)
  eden space 130048K, 0% used [0x00000000f5580000,0x00000000f5580000,0x00000000fd480000)
  from space 22528K, 54% used [0x00000000fea00000,0x00000000ff613e48,0x0000000100000000)
  to   space 22016K, 0% used [0x00000000fd480000,0x00000000fd480000,0x00000000fea00000)
 ParOldGen       total 83968K, used 35764K [0x00000000e0000000, 0x00000000e5200000, 0x00000000f5580000)
  object space 83968K, 42% used [0x00000000e0000000,0x00000000e22ed2c0,0x00000000e5200000)
 Metaspace       used 73364K, capacity 79046K, committed 79152K, reserved 1118208K
  class space    used 9262K, capacity 11056K, committed 11084K, reserved 1048576K
}
Event: 75.140 GC heap before
{Heap before GC invocations=18 (full 4):
 PSYoungGen      total 152576K, used 12367K [0x00000000f5580000, 0x0000000100000000, 0x0000000100000000)
  eden space 130048K, 0% used [0x00000000f5580000,0x00000000f5580000,0x00000000fd480000)
  from space 22528K, 54% used [0x00000000fea00000,0x00000000ff613e48,0x0000000100000000)
  to   space 22016K, 0% used [0x00000000fd480000,0x00000000fd480000,0x00000000fea00000)
 ParOldGen       total 83968K, used 35764K [0x00000000e0000000, 0x00000000e5200000, 0x00000000f5580000)
  object space 83968K, 42% used [0x00000000e0000000,0x00000000e22ed2c0,0x00000000e5200000)
 Metaspace       used 73364K, capacity 79046K, committed 79152K, reserved 1118208K
  class space    used 9262K, capacity 11056K, committed 11084K, reserved 1048576K
Event: 75.413 GC heap after
Heap after GC invocations=18 (full 4):
 PSYoungGen      total 152576K, used 0K [0x00000000f5580000, 0x0000000100000000, 0x0000000100000000)
  eden space 130048K, 0% used [0x00000000f5580000,0x00000000f5580000,0x00000000fd480000)
  from space 22528K, 0% used [0x00000000fea00000,0x00000000fea00000,0x0000000100000000)
  to   space 22016K, 0% used [0x00000000fd480000,0x00000000fd480000,0x00000000fea00000)
 ParOldGen       total 83968K, used 42459K [0x00000000e0000000, 0x00000000e5200000, 0x00000000f5580000)
  object space 83968K, 50% used [0x00000000e0000000,0x00000000e2976c28,0x00000000e5200000)
 Metaspace       used 73364K, capacity 79046K, committed 79152K, reserved 1118208K
  class space    used 9262K, capacity 11056K, committed 11084K, reserved 1048576K
}

