# JRE version: Java(TM) SE Runtime Environment (8.0_25-b18) (build 1.8.0_25-b18)
# Java VM: Java HotSpot(TM) 64-Bit Server VM (25.25-b02 mixed mode windows-amd64 compressed oops)
Heap:
 PSYoungGen      total 164864K, used 43669K [0x00000000f5580000, 0x0000000100000000, 0x0000000100000000)
  eden space 155648K, 28% used [0x00000000f5580000,0x00000000f8025728,0x00000000fed80000)
  from space 9216K, 0% used [0x00000000fed80000,0x00000000fed80000,0x00000000ff680000)
  to   space 8704K, 0% used [0x00000000ff780000,0x00000000ff780000,0x0000000100000000)
 ParOldGen       total 90624K, used 43184K [0x00000000e0000000, 0x00000000e5880000, 0x00000000f5580000)
  object space 90624K, 47% used [0x00000000e0000000,0x00000000e2a2c3a0,0x00000000e5880000)
 Metaspace       used 87628K, capacity 93590K, committed 93912K, reserved 1130496K
  class space    used 10472K, capacity 12419K, committed 12544K, reserved 1048576K
GC Heap History (10 events):
Event: 1654.765 GC heap before
{Heap before GC invocations=79 (full 28):
 PSYoungGen      total 164352K, used 160K [0x00000000f5580000, 0x0000000100000000, 0x0000000100000000)
  eden space 154624K, 0% used [0x00000000f5580000,0x00000000f5580000,0x00000000fec80000)
  from space 9728K, 1% used [0x00000000fec80000,0x00000000feca8000,0x00000000ff600000)
  to   space 9728K, 0% used [0x00000000ff680000,0x00000000ff680000,0x0000000100000000)
 ParOldGen       total 90624K, used 43473K [0x00000000e0000000, 0x00000000e5880000, 0x00000000f5580000)
  object space 90624K, 47% used [0x00000000e0000000,0x00000000e2a746f0,0x00000000e5880000)
 Metaspace       used 86473K, capacity 92558K, committed 92888K, reserved 1130496K
  class space    used 10335K, capacity 12224K, committed 12288K, reserved 1048576K
Event: 1655.039 GC heap after
Heap after GC invocations=79 (full 28):
 PSYoungGen      total 164352K, used 0K [0x00000000f5580000, 0x0000000100000000, 0x0000000100000000)
  eden space 154624K, 0% used [0x00000000f5580000,0x00000000f5580000,0x00000000fec80000)
  from space 9728K, 0% used [0x00000000fec80000,0x00000000fec80000,0x00000000ff600000)
  to   space 9728K, 0% used [0x00000000ff680000,0x00000000ff680000,0x0000000100000000)
 ParOldGen       total 90624K, used 41853K [0x00000000e0000000, 0x00000000e5880000, 0x00000000f5580000)
  object space 90624K, 46% used [0x00000000e0000000,0x00000000e28df4c0,0x00000000e5880000)
 Metaspace       used 86453K, capacity 92528K, committed 92888K, reserved 1130496K
  class space    used 10332K, capacity 12219K, committed 12288K, reserved 1048576K
}
Event: 1714.783 GC heap before
{Heap before GC invocations=80 (full 28):
 PSYoungGen      total 164352K, used 3312K [0x00000000f5580000, 0x0000000100000000, 0x0000000100000000)
  eden space 154624K, 2% used [0x00000000f5580000,0x00000000f58bc2d0,0x00000000fec80000)
  from space 9728K, 0% used [0x00000000fec80000,0x00000000fec80000,0x00000000ff600000)
  to   space 9728K, 0% used [0x00000000ff680000,0x00000000ff680000,0x0000000100000000)
 ParOldGen       total 90624K, used 41853K [0x00000000e0000000, 0x00000000e5880000, 0x00000000f5580000)
  object space 90624K, 46% used [0x00000000e0000000,0x00000000e28df4c0,0x00000000e5880000)
 Metaspace       used 86458K, capacity 92528K, committed 92888K, reserved 1130496K
  class space    used 10332K, capacity 12219K, committed 12288K, reserved 1048576K
Event: 1714.785 GC heap after
Heap after GC invocations=80 (full 28):
 PSYoungGen      total 165376K, used 160K [0x00000000f5580000, 0x0000000100000000, 0x0000000100000000)
  eden space 155648K, 0% used [0x00000000f5580000,0x00000000f5580000,0x00000000fed80000)
  from space 9728K, 1% used [0x00000000ff680000,0x00000000ff6a8000,0x0000000100000000)
  to   space 9216K, 0% used [0x00000000fed80000,0x00000000fed80000,0x00000000ff680000)
 ParOldGen       total 90624K, used 41853K [0x00000000e0000000, 0x00000000e5880000, 0x00000000f5580000)
  object space 90624K, 46% used [0x00000000e0000000,0x00000000e28df4c0,0x00000000e5880000)
 Metaspace       used 86458K, capacity 92528K, committed 92888K, reserved 1130496K
  class space    used 10332K, capacity 12219K, committed 12288K, reserved 1048576K
}
Event: 1714.785 GC heap before
{Heap before GC invocations=81 (full 29):
 PSYoungGen      total 165376K, used 160K [0x00000000f5580000, 0x0000000100000000, 0x0000000100000000)
  eden space 155648K, 0% used [0x00000000f5580000,0x00000000f5580000,0x00000000fed80000)
  from space 9728K, 1% used [0x00000000ff680000,0x00000000ff6a8000,0x0000000100000000)
  to   space 9216K, 0% used [0x00000000fed80000,0x00000000fed80000,0x00000000ff680000)
 ParOldGen       total 90624K, used 41853K [0x00000000e0000000, 0x00000000e5880000, 0x00000000f5580000)
  object space 90624K, 46% used [0x00000000e0000000,0x00000000e28df4c0,0x00000000e5880000)
 Metaspace       used 86458K, capacity 92528K, committed 92888K, reserved 1130496K
  class space    used 10332K, capacity 12219K, committed 12288K, reserved 1048576K
Event: 1714.985 GC heap after
Heap after GC invocations=81 (full 29):
 PSYoungGen      total 165376K, used 0K [0x00000000f5580000, 0x0000000100000000, 0x0000000100000000)
  eden space 155648K, 0% used [0x00000000f5580000,0x00000000f5580000,0x00000000fed80000)
  from space 9728K, 0% used [0x00000000ff680000,0x00000000ff680000,0x0000000100000000)
  to   space 9216K, 0% used [0x00000000fed80000,0x00000000fed80000,0x00000000ff680000)
 ParOldGen       total 90624K, used 41812K [0x00000000e0000000, 0x00000000e5880000, 0x00000000f5580000)
  object space 90624K, 46% used [0x00000000e0000000,0x00000000e28d5238,0x00000000e5880000)
 Metaspace       used 86458K, capacity 92528K, committed 92888K, reserved 1130496K
  class space    used 10332K, capacity 12219K, committed 12288K, reserved 1048576K
}
Event: 1774.791 GC heap before
{Heap before GC invocations=82 (full 29):
 PSYoungGen      total 165376K, used 36241K [0x00000000f5580000, 0x0000000100000000, 0x0000000100000000)
  eden space 155648K, 23% used [0x00000000f5580000,0x00000000f78e4700,0x00000000fed80000)
  from space 9728K, 0% used [0x00000000ff680000,0x00000000ff680000,0x0000000100000000)
  to   space 9216K, 0% used [0x00000000fed80000,0x00000000fed80000,0x00000000ff680000)
 ParOldGen       total 90624K, used 41812K [0x00000000e0000000, 0x00000000e5880000, 0x00000000f5580000)
  object space 90624K, 46% used [0x00000000e0000000,0x00000000e28d5238,0x00000000e5880000)
 Metaspace       used 86759K, capacity 92868K, committed 93272K, reserved 1130496K
  class space    used 10368K, capacity 12288K, committed 12416K, reserved 1048576K
Event: 1774.795 GC heap after
Heap after GC invocations=82 (full 29):
 PSYoungGen      total 164864K, used 2147K [0x00000000f5580000, 0x0000000100000000, 0x0000000100000000)
  eden space 155648K, 0% used [0x00000000f5580000,0x00000000f5580000,0x00000000fed80000)
  from space 9216K, 23% used [0x00000000fed80000,0x00000000fef98ce0,0x00000000ff680000)
  to   space 8704K, 0% used [0x00000000ff780000,0x00000000ff780000,0x0000000100000000)
 ParOldGen       total 90624K, used 41812K [0x00000000e0000000, 0x00000000e5880000, 0x00000000f5580000)
  object space 90624K, 46% used [0x00000000e0000000,0x00000000e28d5238,0x00000000e5880000)
 Metaspace       used 86759K, capacity 92868K, committed 93272K, reserved 1130496K
  class space    used 10368K, capacity 12288K, committed 12416K, reserved 1048576K
}
Event: 1774.795 GC heap before
{Heap before GC invocations=83 (full 30):
 PSYoungGen      total 164864K, used 2147K [0x00000000f5580000, 0x0000000100000000, 0x0000000100000000)
  eden space 155648K, 0% used [0x00000000f5580000,0x00000000f5580000,0x00000000fed80000)
  from space 9216K, 23% used [0x00000000fed80000,0x00000000fef98ce0,0x00000000ff680000)
  to   space 8704K, 0% used [0x00000000ff780000,0x00000000ff780000,0x0000000100000000)
 ParOldGen       total 90624K, used 41812K [0x00000000e0000000, 0x00000000e5880000, 0x00000000f5580000)
  object space 90624K, 46% used [0x00000000e0000000,0x00000000e28d5238,0x00000000e5880000)
 Metaspace       used 86759K, capacity 92868K, committed 93272K, reserved 1130496K
  class space    used 10368K, capacity 12288K, committed 12416K, reserved 1048576K
Event: 1775.118 GC heap after
Heap after GC invocations=83 (full 30):
 PSYoungGen      total 164864K, used 0K [0x00000000f5580000, 0x0000000100000000, 0x0000000100000000)
  eden space 155648K, 0% used [0x00000000f5580000,0x00000000f5580000,0x00000000fed80000)
  from space 9216K, 0% used [0x00000000fed80000,0x00000000fed80000,0x00000000ff680000)
  to   space 8704K, 0% used [0x00000000ff780000,0x00000000ff780000,0x0000000100000000)
 ParOldGen       total 90624K, used 43184K [0x00000000e0000000, 0x00000000e5880000, 0x00000000f5580000)
  object space 90624K, 47% used [0x00000000e0000000,0x00000000e2a2c3a0,0x00000000e5880000)
 Metaspace       used 86759K, capacity 92868K, committed 93272K, reserved 1130496K
  class space    used 10368K, capacity 12288K, committed 12416K, reserved 1048576K
}

