# JRE version: Java(TM) SE Runtime Environment (8.0_25-b18) (build 1.8.0_25-b18)
# Java VM: Java HotSpot(TM) 64-Bit Server VM (25.25-b02 mixed mode windows-amd64 compressed oops)
Heap:
 PSYoungGen      total 30208K, used 4572K [0x00000000f5580000, 0x00000000f7880000, 0x0000000100000000)
  eden space 24576K, 6% used [0x00000000f5580000,0x00000000f5724b10,0x00000000f6d80000)
  from space 5632K, 51% used [0x00000000f6d80000,0x00000000f7052818,0x00000000f7300000)
  to   space 5632K, 0% used [0x00000000f7300000,0x00000000f7300000,0x00000000f7880000)
 ParOldGen       total 101376K, used 75659K [0x00000000e0000000, 0x00000000e6300000, 0x00000000f5580000)
  object space 101376K, 74% used [0x00000000e0000000,0x00000000e49e2ff0,0x00000000e6300000)
 Metaspace       used 88043K, capacity 94500K, committed 94936K, reserved 1132544K
  class space    used 10119K, capacity 12145K, committed 12248K, reserved 1048576K
GC Heap History (10 events):
Event: 7505.522 GC heap before
{Heap before GC invocations=252 (full 3):
 PSYoungGen      total 30208K, used 28714K [0x00000000f5580000, 0x00000000f7880000, 0x0000000100000000)
  eden space 24576K, 100% used [0x00000000f5580000,0x00000000f6d80000,0x00000000f6d80000)
  from space 5632K, 73% used [0x00000000f7300000,0x00000000f770a820,0x00000000f7880000)
  to   space 5632K, 0% used [0x00000000f6d80000,0x00000000f6d80000,0x00000000f7300000)
 ParOldGen       total 101376K, used 75405K [0x00000000e0000000, 0x00000000e6300000, 0x00000000f5580000)
  object space 101376K, 74% used [0x00000000e0000000,0x00000000e49a3478,0x00000000e6300000)
 Metaspace       used 87127K, capacity 93540K, committed 93912K, reserved 1130496K
  class space    used 9982K, capacity 11953K, committed 11992K, reserved 1048576K
Event: 7505.528 GC heap after
Heap after GC invocations=252 (full 3):
 PSYoungGen      total 30208K, used 4717K [0x00000000f5580000, 0x00000000f7980000, 0x0000000100000000)
  eden space 24576K, 0% used [0x00000000f5580000,0x00000000f5580000,0x00000000f6d80000)
  from space 5632K, 83% used [0x00000000f6d80000,0x00000000f721b680,0x00000000f7300000)
  to   space 6144K, 0% used [0x00000000f7380000,0x00000000f7380000,0x00000000f7980000)
 ParOldGen       total 101376K, used 75453K [0x00000000e0000000, 0x00000000e6300000, 0x00000000f5580000)
  object space 101376K, 74% used [0x00000000e0000000,0x00000000e49af478,0x00000000e6300000)
 Metaspace       used 87127K, capacity 93540K, committed 93912K, reserved 1130496K
  class space    used 9982K, capacity 11953K, committed 11992K, reserved 1048576K
}
Event: 7946.691 GC heap before
{Heap before GC invocations=253 (full 3):
 PSYoungGen      total 30208K, used 29293K [0x00000000f5580000, 0x00000000f7980000, 0x0000000100000000)
  eden space 24576K, 100% used [0x00000000f5580000,0x00000000f6d80000,0x00000000f6d80000)
  from space 5632K, 83% used [0x00000000f6d80000,0x00000000f721b680,0x00000000f7300000)
  to   space 6144K, 0% used [0x00000000f7380000,0x00000000f7380000,0x00000000f7980000)
 ParOldGen       total 101376K, used 75453K [0x00000000e0000000, 0x00000000e6300000, 0x00000000f5580000)
  object space 101376K, 74% used [0x00000000e0000000,0x00000000e49af478,0x00000000e6300000)
 Metaspace       used 87139K, capacity 93540K, committed 93912K, reserved 1130496K
  class space    used 9982K, capacity 11953K, committed 11992K, reserved 1048576K
Event: 7946.697 GC heap after
Heap after GC invocations=253 (full 3):
 PSYoungGen      total 30720K, used 4070K [0x00000000f5580000, 0x00000000f7980000, 0x0000000100000000)
  eden space 24576K, 0% used [0x00000000f5580000,0x00000000f5580000,0x00000000f6d80000)
  from space 6144K, 66% used [0x00000000f7380000,0x00000000f7779b10,0x00000000f7980000)
  to   space 6144K, 0% used [0x00000000f6d80000,0x00000000f6d80000,0x00000000f7380000)
 ParOldGen       total 101376K, used 75525K [0x00000000e0000000, 0x00000000e6300000, 0x00000000f5580000)
  object space 101376K, 74% used [0x00000000e0000000,0x00000000e49c1478,0x00000000e6300000)
 Metaspace       used 87139K, capacity 93540K, committed 93912K, reserved 1130496K
  class space    used 9982K, capacity 11953K, committed 11992K, reserved 1048576K
}
Event: 8428.891 GC heap before
{Heap before GC invocations=254 (full 3):
 PSYoungGen      total 30720K, used 28646K [0x00000000f5580000, 0x00000000f7980000, 0x0000000100000000)
  eden space 24576K, 100% used [0x00000000f5580000,0x00000000f6d80000,0x00000000f6d80000)
  from space 6144K, 66% used [0x00000000f7380000,0x00000000f7779b10,0x00000000f7980000)
  to   space 6144K, 0% used [0x00000000f6d80000,0x00000000f6d80000,0x00000000f7380000)
 ParOldGen       total 101376K, used 75525K [0x00000000e0000000, 0x00000000e6300000, 0x00000000f5580000)
  object space 101376K, 74% used [0x00000000e0000000,0x00000000e49c1478,0x00000000e6300000)
 Metaspace       used 87146K, capacity 93540K, committed 93912K, reserved 1130496K
  class space    used 9982K, capacity 11953K, committed 11992K, reserved 1048576K
Event: 8428.898 GC heap after
Heap after GC invocations=254 (full 3):
 PSYoungGen      total 29184K, used 4109K [0x00000000f5580000, 0x00000000f7880000, 0x0000000100000000)
  eden space 24576K, 0% used [0x00000000f5580000,0x00000000f5580000,0x00000000f6d80000)
  from space 4608K, 89% used [0x00000000f6d80000,0x00000000f7183640,0x00000000f7200000)
  to   space 5632K, 0% used [0x00000000f7300000,0x00000000f7300000,0x00000000f7880000)
 ParOldGen       total 101376K, used 75557K [0x00000000e0000000, 0x00000000e6300000, 0x00000000f5580000)
  object space 101376K, 74% used [0x00000000e0000000,0x00000000e49c9478,0x00000000e6300000)
 Metaspace       used 87146K, capacity 93540K, committed 93912K, reserved 1130496K
  class space    used 9982K, capacity 11953K, committed 11992K, reserved 1048576K
}
Event: 8972.097 GC heap before
{Heap before GC invocations=255 (full 3):
 PSYoungGen      total 29184K, used 28685K [0x00000000f5580000, 0x00000000f7880000, 0x0000000100000000)
  eden space 24576K, 100% used [0x00000000f5580000,0x00000000f6d80000,0x00000000f6d80000)
  from space 4608K, 89% used [0x00000000f6d80000,0x00000000f7183640,0x00000000f7200000)
  to   space 5632K, 0% used [0x00000000f7300000,0x00000000f7300000,0x00000000f7880000)
 ParOldGen       total 101376K, used 75557K [0x00000000e0000000, 0x00000000e6300000, 0x00000000f5580000)
  object space 101376K, 74% used [0x00000000e0000000,0x00000000e49c9478,0x00000000e6300000)
 Metaspace       used 87147K, capacity 93540K, committed 93912K, reserved 1130496K
  class space    used 9982K, capacity 11953K, committed 11992K, reserved 1048576K
Event: 8972.103 GC heap after
Heap after GC invocations=255 (full 3):
 PSYoungGen      total 30208K, used 4070K [0x00000000f5580000, 0x00000000f7880000, 0x0000000100000000)
  eden space 24576K, 0% used [0x00000000f5580000,0x00000000f5580000,0x00000000f6d80000)
  from space 5632K, 72% used [0x00000000f7300000,0x00000000f76f9b10,0x00000000f7880000)
  to   space 5632K, 0% used [0x00000000f6d80000,0x00000000f6d80000,0x00000000f7300000)
 ParOldGen       total 101376K, used 75589K [0x00000000e0000000, 0x00000000e6300000, 0x00000000f5580000)
  object space 101376K, 74% used [0x00000000e0000000,0x00000000e49d1478,0x00000000e6300000)
 Metaspace       used 87147K, capacity 93540K, committed 93912K, reserved 1130496K
  class space    used 9982K, capacity 11953K, committed 11992K, reserved 1048576K
}
Event: 8975.511 GC heap before
{Heap before GC invocations=256 (full 3):
 PSYoungGen      total 30208K, used 28646K [0x00000000f5580000, 0x00000000f7880000, 0x0000000100000000)
  eden space 24576K, 100% used [0x00000000f5580000,0x00000000f6d80000,0x00000000f6d80000)
  from space 5632K, 72% used [0x00000000f7300000,0x00000000f76f9b10,0x00000000f7880000)
  to   space 5632K, 0% used [0x00000000f6d80000,0x00000000f6d80000,0x00000000f7300000)
 ParOldGen       total 101376K, used 75589K [0x00000000e0000000, 0x00000000e6300000, 0x00000000f5580000)
  object space 101376K, 74% used [0x00000000e0000000,0x00000000e49d1478,0x00000000e6300000)
 Metaspace       used 87971K, capacity 94436K, committed 94680K, reserved 1132544K
  class space    used 10113K, capacity 12145K, committed 12248K, reserved 1048576K
Event: 8975.519 GC heap after
Heap after GC invocations=256 (full 3):
 PSYoungGen      total 30208K, used 2890K [0x00000000f5580000, 0x00000000f7880000, 0x0000000100000000)
  eden space 24576K, 0% used [0x00000000f5580000,0x00000000f5580000,0x00000000f6d80000)
  from space 5632K, 51% used [0x00000000f6d80000,0x00000000f7052818,0x00000000f7300000)
  to   space 5632K, 0% used [0x00000000f7300000,0x00000000f7300000,0x00000000f7880000)
 ParOldGen       total 101376K, used 75659K [0x00000000e0000000, 0x00000000e6300000, 0x00000000f5580000)
  object space 101376K, 74% used [0x00000000e0000000,0x00000000e49e2ff0,0x00000000e6300000)
 Metaspace       used 87971K, capacity 94436K, committed 94680K, reserved 1132544K
  class space    used 10113K, capacity 12145K, committed 12248K, reserved 1048576K
}

