# JRE version: Java(TM) SE Runtime Environment (8.0_25-b18) (build 1.8.0_25-b18)
# Java VM: Java HotSpot(TM) 64-Bit Server VM (25.25-b02 mixed mode windows-amd64 compressed oops)
Heap:
 PSYoungGen      total 99840K, used 67799K [0x00000000f5580000, 0x00000000fca80000, 0x0000000100000000)
  eden space 86016K, 67% used [0x00000000f5580000,0x00000000f8e7f988,0x00000000fa980000)
  from space 13824K, 68% used [0x00000000fbd00000,0x00000000fc6363b0,0x00000000fca80000)
  to   space 16896K, 0% used [0x00000000fa980000,0x00000000fa980000,0x00000000fba00000)
 ParOldGen       total 104960K, used 60054K [0x00000000e0000000, 0x00000000e6680000, 0x00000000f5580000)
  object space 104960K, 57% used [0x00000000e0000000,0x00000000e3aa58e0,0x00000000e6680000)
 Metaspace       used 93141K, capacity 99616K, committed 99968K, reserved 1136640K
  class space    used 11100K, capacity 13133K, committed 13184K, reserved 1048576K
GC Heap History (10 events):
Event: 1104.894 GC heap before
{Heap before GC invocations=45 (full 7):
 PSYoungGen      total 110592K, used 110284K [0x00000000f5580000, 0x00000000fd880000, 0x0000000100000000)
  eden space 99328K, 100% used [0x00000000f5580000,0x00000000fb680000,0x00000000fb680000)
  from space 11264K, 97% used [0x00000000fb980000,0x00000000fc433130,0x00000000fc480000)
  to   space 17408K, 0% used [0x00000000fc780000,0x00000000fc780000,0x00000000fd880000)
 ParOldGen       total 104960K, used 56160K [0x00000000e0000000, 0x00000000e6680000, 0x00000000f5580000)
  object space 104960K, 53% used [0x00000000e0000000,0x00000000e36d8268,0x00000000e6680000)
 Metaspace       used 91800K, capacity 98314K, committed 98560K, reserved 1134592K
  class space    used 10945K, capacity 12995K, committed 13056K, reserved 1048576K
Event: 1104.902 GC heap after
Heap after GC invocations=45 (full 7):
 PSYoungGen      total 111616K, used 12441K [0x00000000f5580000, 0x00000000fd680000, 0x0000000100000000)
  eden space 96256K, 0% used [0x00000000f5580000,0x00000000f5580000,0x00000000fb380000)
  from space 15360K, 81% used [0x00000000fc780000,0x00000000fd3a6728,0x00000000fd680000)
  to   space 17920K, 0% used [0x00000000fb380000,0x00000000fb380000,0x00000000fc500000)
 ParOldGen       total 104960K, used 56168K [0x00000000e0000000, 0x00000000e6680000, 0x00000000f5580000)
  object space 104960K, 53% used [0x00000000e0000000,0x00000000e36da268,0x00000000e6680000)
 Metaspace       used 91800K, capacity 98314K, committed 98560K, reserved 1134592K
  class space    used 10945K, capacity 12995K, committed 13056K, reserved 1048576K
}
Event: 1130.500 GC heap before
{Heap before GC invocations=46 (full 7):
 PSYoungGen      total 111616K, used 108697K [0x00000000f5580000, 0x00000000fd680000, 0x0000000100000000)
  eden space 96256K, 100% used [0x00000000f5580000,0x00000000fb380000,0x00000000fb380000)
  from space 15360K, 81% used [0x00000000fc780000,0x00000000fd3a6728,0x00000000fd680000)
  to   space 17920K, 0% used [0x00000000fb380000,0x00000000fb380000,0x00000000fc500000)
 ParOldGen       total 104960K, used 56168K [0x00000000e0000000, 0x00000000e6680000, 0x00000000f5580000)
  object space 104960K, 53% used [0x00000000e0000000,0x00000000e36da268,0x00000000e6680000)
 Metaspace       used 91880K, capacity 98506K, committed 98816K, reserved 1134592K
  class space    used 10946K, capacity 12995K, committed 13056K, reserved 1048576K
Event: 1130.512 GC heap after
Heap after GC invocations=46 (full 7):
 PSYoungGen      total 106496K, used 12289K [0x00000000f5580000, 0x00000000fd400000, 0x0000000100000000)
  eden space 93696K, 0% used [0x00000000f5580000,0x00000000f5580000,0x00000000fb100000)
  from space 12800K, 96% used [0x00000000fb380000,0x00000000fbf80600,0x00000000fc000000)
  to   space 17920K, 0% used [0x00000000fc280000,0x00000000fc280000,0x00000000fd400000)
 ParOldGen       total 104960K, used 58340K [0x00000000e0000000, 0x00000000e6680000, 0x00000000f5580000)
  object space 104960K, 55% used [0x00000000e0000000,0x00000000e38f90e0,0x00000000e6680000)
 Metaspace       used 91880K, capacity 98506K, committed 98816K, reserved 1134592K
  class space    used 10946K, capacity 12995K, committed 13056K, reserved 1048576K
}
Event: 1267.913 GC heap before
{Heap before GC invocations=47 (full 7):
 PSYoungGen      total 106496K, used 105985K [0x00000000f5580000, 0x00000000fd400000, 0x0000000100000000)
  eden space 93696K, 100% used [0x00000000f5580000,0x00000000fb100000,0x00000000fb100000)
  from space 12800K, 96% used [0x00000000fb380000,0x00000000fbf80600,0x00000000fc000000)
  to   space 17920K, 0% used [0x00000000fc280000,0x00000000fc280000,0x00000000fd400000)
 ParOldGen       total 104960K, used 58340K [0x00000000e0000000, 0x00000000e6680000, 0x00000000f5580000)
  object space 104960K, 55% used [0x00000000e0000000,0x00000000e38f90e0,0x00000000e6680000)
 Metaspace       used 92964K, capacity 99488K, committed 99712K, reserved 1136640K
  class space    used 11098K, capacity 13133K, committed 13184K, reserved 1048576K
Event: 1267.922 GC heap after
Heap after GC invocations=47 (full 7):
 PSYoungGen      total 106496K, used 12977K [0x00000000f5580000, 0x00000000fd180000, 0x0000000100000000)
  eden space 91136K, 0% used [0x00000000f5580000,0x00000000f5580000,0x00000000fae80000)
  from space 15360K, 84% used [0x00000000fc280000,0x00000000fcf2c410,0x00000000fd180000)
  to   space 17920K, 0% used [0x00000000fae80000,0x00000000fae80000,0x00000000fc000000)
 ParOldGen       total 104960K, used 58955K [0x00000000e0000000, 0x00000000e6680000, 0x00000000f5580000)
  object space 104960K, 56% used [0x00000000e0000000,0x00000000e3992f00,0x00000000e6680000)
 Metaspace       used 92964K, capacity 99488K, committed 99712K, reserved 1136640K
  class space    used 11098K, capacity 13133K, committed 13184K, reserved 1048576K
}
Event: 1303.515 GC heap before
{Heap before GC invocations=48 (full 7):
 PSYoungGen      total 106496K, used 104113K [0x00000000f5580000, 0x00000000fd180000, 0x0000000100000000)
  eden space 91136K, 100% used [0x00000000f5580000,0x00000000fae80000,0x00000000fae80000)
  from space 15360K, 84% used [0x00000000fc280000,0x00000000fcf2c410,0x00000000fd180000)
  to   space 17920K, 0% used [0x00000000fae80000,0x00000000fae80000,0x00000000fc000000)
 ParOldGen       total 104960K, used 58955K [0x00000000e0000000, 0x00000000e6680000, 0x00000000f5580000)
  object space 104960K, 56% used [0x00000000e0000000,0x00000000e3992f00,0x00000000e6680000)
 Metaspace       used 93015K, capacity 99488K, committed 99712K, reserved 1136640K
  class space    used 11098K, capacity 13133K, committed 13184K, reserved 1048576K
Event: 1303.522 GC heap after
Heap after GC invocations=48 (full 7):
 PSYoungGen      total 98304K, used 9603K [0x00000000f5580000, 0x00000000fce00000, 0x0000000100000000)
  eden space 88576K, 0% used [0x00000000f5580000,0x00000000f5580000,0x00000000fac00000)
  from space 9728K, 98% used [0x00000000fae80000,0x00000000fb7e0ed0,0x00000000fb800000)
  to   space 17408K, 0% used [0x00000000fbd00000,0x00000000fbd00000,0x00000000fce00000)
 ParOldGen       total 104960K, used 60014K [0x00000000e0000000, 0x00000000e6680000, 0x00000000f5580000)
  object space 104960K, 57% used [0x00000000e0000000,0x00000000e3a9b8e0,0x00000000e6680000)
 Metaspace       used 93015K, capacity 99488K, committed 99712K, reserved 1136640K
  class space    used 11098K, capacity 13133K, committed 13184K, reserved 1048576K
}
Event: 1330.611 GC heap before
{Heap before GC invocations=49 (full 7):
 PSYoungGen      total 98304K, used 98179K [0x00000000f5580000, 0x00000000fce00000, 0x0000000100000000)
  eden space 88576K, 100% used [0x00000000f5580000,0x00000000fac00000,0x00000000fac00000)
  from space 9728K, 98% used [0x00000000fae80000,0x00000000fb7e0ed0,0x00000000fb800000)
  to   space 17408K, 0% used [0x00000000fbd00000,0x00000000fbd00000,0x00000000fce00000)
 ParOldGen       total 104960K, used 60014K [0x00000000e0000000, 0x00000000e6680000, 0x00000000f5580000)
  object space 104960K, 57% used [0x00000000e0000000,0x00000000e3a9b8e0,0x00000000e6680000)
 Metaspace       used 93103K, capacity 99552K, committed 99712K, reserved 1136640K
  class space    used 11100K, capacity 13133K, committed 13184K, reserved 1048576K
Event: 1330.618 GC heap after
Heap after GC invocations=49 (full 7):
 PSYoungGen      total 99840K, used 9432K [0x00000000f5580000, 0x00000000fca80000, 0x0000000100000000)
  eden space 86016K, 0% used [0x00000000f5580000,0x00000000f5580000,0x00000000fa980000)
  from space 13824K, 68% used [0x00000000fbd00000,0x00000000fc6363b0,0x00000000fca80000)
  to   space 16896K, 0% used [0x00000000fa980000,0x00000000fa980000,0x00000000fba00000)
 ParOldGen       total 104960K, used 60054K [0x00000000e0000000, 0x00000000e6680000, 0x00000000f5580000)
  object space 104960K, 57% used [0x00000000e0000000,0x00000000e3aa58e0,0x00000000e6680000)
 Metaspace       used 93103K, capacity 99552K, committed 99712K, reserved 1136640K
  class space    used 11100K, capacity 13133K, committed 13184K, reserved 1048576K
}

