# JRE version: Java(TM) SE Runtime Environment (8.0_25-b18) (build 1.8.0_25-b18)
# Java VM: Java HotSpot(TM) 64-Bit Server VM (25.25-b02 mixed mode windows-amd64 compressed oops)
Heap:
 PSYoungGen      total 33792K, used 25874K [0x00000000f5580000, 0x00000000f7b80000, 0x0000000100000000)
  eden space 28672K, 76% used [0x00000000f5580000,0x00000000f6aec020,0x00000000f7180000)
  from space 5120K, 76% used [0x00000000f7680000,0x00000000f7a58b08,0x00000000f7b80000)
  to   space 5120K, 0% used [0x00000000f7180000,0x00000000f7180000,0x00000000f7680000)
 ParOldGen       total 97280K, used 55168K [0x00000000e0000000, 0x00000000e5f00000, 0x00000000f5580000)
  object space 97280K, 56% used [0x00000000e0000000,0x00000000e35e0250,0x00000000e5f00000)
 Metaspace       used 95149K, capacity 101880K, committed 102016K, reserved 1138688K
  class space    used 11247K, capacity 13398K, committed 13440K, reserved 1048576K
GC Heap History (10 events):
Event: 6370.484 GC heap before
{Heap before GC invocations=167 (full 17):
 PSYoungGen      total 34304K, used 33287K [0x00000000f5580000, 0x00000000f7c00000, 0x0000000100000000)
  eden space 29184K, 100% used [0x00000000f5580000,0x00000000f7200000,0x00000000f7200000)
  from space 5120K, 80% used [0x00000000f7200000,0x00000000f7601ed0,0x00000000f7700000)
  to   space 5120K, 0% used [0x00000000f7700000,0x00000000f7700000,0x00000000f7c00000)
 ParOldGen       total 97280K, used 54920K [0x00000000e0000000, 0x00000000e5f00000, 0x00000000f5580000)
  object space 97280K, 56% used [0x00000000e0000000,0x00000000e35a2250,0x00000000e5f00000)
 Metaspace       used 94428K, capacity 101250K, committed 101376K, reserved 1136640K
  class space    used 11175K, capacity 13235K, committed 13312K, reserved 1048576K
Event: 6370.490 GC heap after
Heap after GC invocations=167 (full 17):
 PSYoungGen      total 33792K, used 4076K [0x00000000f5580000, 0x00000000f7d00000, 0x0000000100000000)
  eden space 28672K, 0% used [0x00000000f5580000,0x00000000f5580000,0x00000000f7180000)
  from space 5120K, 79% used [0x00000000f7700000,0x00000000f7afb238,0x00000000f7c00000)
  to   space 5632K, 0% used [0x00000000f7180000,0x00000000f7180000,0x00000000f7700000)
 ParOldGen       total 97280K, used 54944K [0x00000000e0000000, 0x00000000e5f00000, 0x00000000f5580000)
  object space 97280K, 56% used [0x00000000e0000000,0x00000000e35a8250,0x00000000e5f00000)
 Metaspace       used 94428K, capacity 101250K, committed 101376K, reserved 1136640K
  class space    used 11175K, capacity 13235K, committed 13312K, reserved 1048576K
}
Event: 6397.602 GC heap before
{Heap before GC invocations=168 (full 17):
 PSYoungGen      total 33792K, used 32748K [0x00000000f5580000, 0x00000000f7d00000, 0x0000000100000000)
  eden space 28672K, 100% used [0x00000000f5580000,0x00000000f7180000,0x00000000f7180000)
  from space 5120K, 79% used [0x00000000f7700000,0x00000000f7afb238,0x00000000f7c00000)
  to   space 5632K, 0% used [0x00000000f7180000,0x00000000f7180000,0x00000000f7700000)
 ParOldGen       total 97280K, used 54944K [0x00000000e0000000, 0x00000000e5f00000, 0x00000000f5580000)
  object space 97280K, 56% used [0x00000000e0000000,0x00000000e35a8250,0x00000000e5f00000)
 Metaspace       used 94444K, capacity 101250K, committed 101376K, reserved 1136640K
  class space    used 11175K, capacity 13235K, committed 13312K, reserved 1048576K
Event: 6397.607 GC heap after
Heap after GC invocations=168 (full 17):
 PSYoungGen      total 32256K, used 3547K [0x00000000f5580000, 0x00000000f7b80000, 0x0000000100000000)
  eden space 28672K, 0% used [0x00000000f5580000,0x00000000f5580000,0x00000000f7180000)
  from space 3584K, 98% used [0x00000000f7180000,0x00000000f74f6f90,0x00000000f7500000)
  to   space 5120K, 0% used [0x00000000f7680000,0x00000000f7680000,0x00000000f7b80000)
 ParOldGen       total 97280K, used 55000K [0x00000000e0000000, 0x00000000e5f00000, 0x00000000f5580000)
  object space 97280K, 56% used [0x00000000e0000000,0x00000000e35b6250,0x00000000e5f00000)
 Metaspace       used 94444K, capacity 101250K, committed 101376K, reserved 1136640K
  class space    used 11175K, capacity 13235K, committed 13312K, reserved 1048576K
}
Event: 6406.398 GC heap before
{Heap before GC invocations=169 (full 17):
 PSYoungGen      total 32256K, used 32219K [0x00000000f5580000, 0x00000000f7b80000, 0x0000000100000000)
  eden space 28672K, 100% used [0x00000000f5580000,0x00000000f7180000,0x00000000f7180000)
  from space 3584K, 98% used [0x00000000f7180000,0x00000000f74f6f90,0x00000000f7500000)
  to   space 5120K, 0% used [0x00000000f7680000,0x00000000f7680000,0x00000000f7b80000)
 ParOldGen       total 97280K, used 55000K [0x00000000e0000000, 0x00000000e5f00000, 0x00000000f5580000)
  object space 97280K, 56% used [0x00000000e0000000,0x00000000e35b6250,0x00000000e5f00000)
 Metaspace       used 94500K, capacity 101250K, committed 101376K, reserved 1136640K
  class space    used 11175K, capacity 13235K, committed 13312K, reserved 1048576K
Event: 6406.402 GC heap after
Heap after GC invocations=169 (full 17):
 PSYoungGen      total 33792K, used 3568K [0x00000000f5580000, 0x00000000f7b80000, 0x0000000100000000)
  eden space 28672K, 0% used [0x00000000f5580000,0x00000000f5580000,0x00000000f7180000)
  from space 5120K, 69% used [0x00000000f7680000,0x00000000f79fc278,0x00000000f7b80000)
  to   space 5120K, 0% used [0x00000000f7180000,0x00000000f7180000,0x00000000f7680000)
 ParOldGen       total 97280K, used 55040K [0x00000000e0000000, 0x00000000e5f00000, 0x00000000f5580000)
  object space 97280K, 56% used [0x00000000e0000000,0x00000000e35c0250,0x00000000e5f00000)
 Metaspace       used 94500K, capacity 101250K, committed 101376K, reserved 1136640K
  class space    used 11175K, capacity 13235K, committed 13312K, reserved 1048576K
}
Event: 6408.215 GC heap before
{Heap before GC invocations=170 (full 17):
 PSYoungGen      total 33792K, used 32240K [0x00000000f5580000, 0x00000000f7b80000, 0x0000000100000000)
  eden space 28672K, 100% used [0x00000000f5580000,0x00000000f7180000,0x00000000f7180000)
  from space 5120K, 69% used [0x00000000f7680000,0x00000000f79fc278,0x00000000f7b80000)
  to   space 5120K, 0% used [0x00000000f7180000,0x00000000f7180000,0x00000000f7680000)
 ParOldGen       total 97280K, used 55040K [0x00000000e0000000, 0x00000000e5f00000, 0x00000000f5580000)
  object space 97280K, 56% used [0x00000000e0000000,0x00000000e35c0250,0x00000000e5f00000)
 Metaspace       used 94518K, capacity 101250K, committed 101376K, reserved 1136640K
  class space    used 11175K, capacity 13235K, committed 13312K, reserved 1048576K
Event: 6408.220 GC heap after
Heap after GC invocations=170 (full 17):
 PSYoungGen      total 33792K, used 3947K [0x00000000f5580000, 0x00000000f7b80000, 0x0000000100000000)
  eden space 28672K, 0% used [0x00000000f5580000,0x00000000f5580000,0x00000000f7180000)
  from space 5120K, 77% used [0x00000000f7180000,0x00000000f755ae80,0x00000000f7680000)
  to   space 5120K, 0% used [0x00000000f7680000,0x00000000f7680000,0x00000000f7b80000)
 ParOldGen       total 97280K, used 55104K [0x00000000e0000000, 0x00000000e5f00000, 0x00000000f5580000)
  object space 97280K, 56% used [0x00000000e0000000,0x00000000e35d0250,0x00000000e5f00000)
 Metaspace       used 94518K, capacity 101250K, committed 101376K, reserved 1136640K
  class space    used 11175K, capacity 13235K, committed 13312K, reserved 1048576K
}
Event: 6420.687 GC heap before
{Heap before GC invocations=171 (full 17):
 PSYoungGen      total 33792K, used 32619K [0x00000000f5580000, 0x00000000f7b80000, 0x0000000100000000)
  eden space 28672K, 100% used [0x00000000f5580000,0x00000000f7180000,0x00000000f7180000)
  from space 5120K, 77% used [0x00000000f7180000,0x00000000f755ae80,0x00000000f7680000)
  to   space 5120K, 0% used [0x00000000f7680000,0x00000000f7680000,0x00000000f7b80000)
 ParOldGen       total 97280K, used 55104K [0x00000000e0000000, 0x00000000e5f00000, 0x00000000f5580000)
  object space 97280K, 56% used [0x00000000e0000000,0x00000000e35d0250,0x00000000e5f00000)
 Metaspace       used 94707K, capacity 101442K, committed 101632K, reserved 1138688K
  class space    used 11200K, capacity 13299K, committed 13312K, reserved 1048576K
Event: 6420.692 GC heap after
Heap after GC invocations=171 (full 17):
 PSYoungGen      total 33792K, used 3938K [0x00000000f5580000, 0x00000000f7b80000, 0x0000000100000000)
  eden space 28672K, 0% used [0x00000000f5580000,0x00000000f5580000,0x00000000f7180000)
  from space 5120K, 76% used [0x00000000f7680000,0x00000000f7a58b08,0x00000000f7b80000)
  to   space 5120K, 0% used [0x00000000f7180000,0x00000000f7180000,0x00000000f7680000)
 ParOldGen       total 97280K, used 55168K [0x00000000e0000000, 0x00000000e5f00000, 0x00000000f5580000)
  object space 97280K, 56% used [0x00000000e0000000,0x00000000e35e0250,0x00000000e5f00000)
 Metaspace       used 94707K, capacity 101442K, committed 101632K, reserved 1138688K
  class space    used 11200K, capacity 13299K, committed 13312K, reserved 1048576K
}

