# JRE version: Java(TM) SE Runtime Environment (8.0_25-b18) (build 1.8.0_25-b18)
# Java VM: Java HotSpot(TM) 64-Bit Server VM (25.25-b02 mixed mode windows-amd64 compressed oops)
Heap:
 PSYoungGen      total 71680K, used 36403K [0x00000000f5580000, 0x00000000fa880000, 0x0000000100000000)
  eden space 62464K, 46% used [0x00000000f5580000,0x00000000f71c7ec8,0x00000000f9280000)
  from space 9216K, 80% used [0x00000000f9f80000,0x00000000fa6c4fc8,0x00000000fa880000)
  to   space 11264K, 0% used [0x00000000f9280000,0x00000000f9280000,0x00000000f9d80000)
 ParOldGen       total 88064K, used 52672K [0x00000000e0000000, 0x00000000e5600000, 0x00000000f5580000)
  object space 88064K, 59% used [0x00000000e0000000,0x00000000e3370330,0x00000000e5600000)
 Metaspace       used 92049K, capacity 98326K, committed 98776K, reserved 1134592K
  class space    used 11154K, capacity 13146K, committed 13272K, reserved 1048576K
GC Heap History (10 events):
Event: 1408.658 GC heap before
{Heap before GC invocations=44 (full 6):
 PSYoungGen      total 76288K, used 75995K [0x00000000f5580000, 0x00000000fb200000, 0x0000000100000000)
  eden space 71168K, 100% used [0x00000000f5580000,0x00000000f9b00000,0x00000000f9b00000)
  from space 5120K, 94% used [0x00000000f9d00000,0x00000000fa1b6d28,0x00000000fa200000)
  to   space 11776K, 0% used [0x00000000fa680000,0x00000000fa680000,0x00000000fb200000)
 ParOldGen       total 88064K, used 52309K [0x00000000e0000000, 0x00000000e5600000, 0x00000000f5580000)
  object space 88064K, 59% used [0x00000000e0000000,0x00000000e3315480,0x00000000e5600000)
 Metaspace       used 86349K, capacity 92946K, committed 93272K, reserved 1130496K
  class space    used 10273K, capacity 12302K, committed 12376K, reserved 1048576K
Event: 1408.664 GC heap after
Heap after GC invocations=44 (full 6):
 PSYoungGen      total 78848K, used 5002K [0x00000000f5580000, 0x00000000fb000000, 0x0000000100000000)
  eden space 69120K, 0% used [0x00000000f5580000,0x00000000f5580000,0x00000000f9900000)
  from space 9728K, 51% used [0x00000000fa680000,0x00000000fab629a8,0x00000000fb000000)
  to   space 11776K, 0% used [0x00000000f9900000,0x00000000f9900000,0x00000000fa480000)
 ParOldGen       total 88064K, used 52373K [0x00000000e0000000, 0x00000000e5600000, 0x00000000f5580000)
  object space 88064K, 59% used [0x00000000e0000000,0x00000000e3325480,0x00000000e5600000)
 Metaspace       used 86349K, capacity 92946K, committed 93272K, reserved 1130496K
  class space    used 10273K, capacity 12302K, committed 12376K, reserved 1048576K
}
Event: 1414.089 GC heap before
{Heap before GC invocations=45 (full 6):
 PSYoungGen      total 78848K, used 74122K [0x00000000f5580000, 0x00000000fb000000, 0x0000000100000000)
  eden space 69120K, 100% used [0x00000000f5580000,0x00000000f9900000,0x00000000f9900000)
  from space 9728K, 51% used [0x00000000fa680000,0x00000000fab629a8,0x00000000fb000000)
  to   space 11776K, 0% used [0x00000000f9900000,0x00000000f9900000,0x00000000fa480000)
 ParOldGen       total 88064K, used 52382K [0x00000000e0000000, 0x00000000e5600000, 0x00000000f5580000)
  object space 88064K, 59% used [0x00000000e0000000,0x00000000e3327b40,0x00000000e5600000)
 Metaspace       used 90707K, capacity 97136K, committed 97240K, reserved 1134592K
  class space    used 11000K, capacity 13013K, committed 13016K, reserved 1048576K
Event: 1414.097 GC heap after
Heap after GC invocations=45 (full 6):
 PSYoungGen      total 76800K, used 9547K [0x00000000f5580000, 0x00000000faf00000, 0x0000000100000000)
  eden space 67072K, 0% used [0x00000000f5580000,0x00000000f5580000,0x00000000f9700000)
  from space 9728K, 98% used [0x00000000f9900000,0x00000000fa252f00,0x00000000fa280000)
  to   space 12288K, 0% used [0x00000000fa300000,0x00000000fa300000,0x00000000faf00000)
 ParOldGen       total 88064K, used 52470K [0x00000000e0000000, 0x00000000e5600000, 0x00000000f5580000)
  object space 88064K, 59% used [0x00000000e0000000,0x00000000e333db40,0x00000000e5600000)
 Metaspace       used 90707K, capacity 97136K, committed 97240K, reserved 1134592K
  class space    used 11000K, capacity 13013K, committed 13016K, reserved 1048576K
}
Event: 1423.444 GC heap before
{Heap before GC invocations=46 (full 6):
 PSYoungGen      total 76800K, used 76619K [0x00000000f5580000, 0x00000000faf00000, 0x0000000100000000)
  eden space 67072K, 100% used [0x00000000f5580000,0x00000000f9700000,0x00000000f9700000)
  from space 9728K, 98% used [0x00000000f9900000,0x00000000fa252f00,0x00000000fa280000)
  to   space 12288K, 0% used [0x00000000fa300000,0x00000000fa300000,0x00000000faf00000)
 ParOldGen       total 88064K, used 52472K [0x00000000e0000000, 0x00000000e5600000, 0x00000000f5580000)
  object space 88064K, 59% used [0x00000000e0000000,0x00000000e333e310,0x00000000e5600000)
 Metaspace       used 90989K, capacity 97488K, committed 97880K, reserved 1134592K
  class space    used 11048K, capacity 13045K, committed 13144K, reserved 1048576K
Event: 1423.450 GC heap after
Heap after GC invocations=46 (full 6):
 PSYoungGen      total 75264K, used 7168K [0x00000000f5580000, 0x00000000fac80000, 0x0000000100000000)
  eden space 65536K, 0% used [0x00000000f5580000,0x00000000f5580000,0x00000000f9580000)
  from space 9728K, 73% used [0x00000000fa300000,0x00000000faa00130,0x00000000fac80000)
  to   space 11776K, 0% used [0x00000000f9580000,0x00000000f9580000,0x00000000fa100000)
 ParOldGen       total 88064K, used 52600K [0x00000000e0000000, 0x00000000e5600000, 0x00000000f5580000)
  object space 88064K, 59% used [0x00000000e0000000,0x00000000e335e330,0x00000000e5600000)
 Metaspace       used 90989K, capacity 97488K, committed 97880K, reserved 1134592K
  class space    used 11048K, capacity 13045K, committed 13144K, reserved 1048576K
}
Event: 1452.452 GC heap before
{Heap before GC invocations=47 (full 6):
 PSYoungGen      total 75264K, used 72704K [0x00000000f5580000, 0x00000000fac80000, 0x0000000100000000)
  eden space 65536K, 100% used [0x00000000f5580000,0x00000000f9580000,0x00000000f9580000)
  from space 9728K, 73% used [0x00000000fa300000,0x00000000faa00130,0x00000000fac80000)
  to   space 11776K, 0% used [0x00000000f9580000,0x00000000f9580000,0x00000000fa100000)
 ParOldGen       total 88064K, used 52600K [0x00000000e0000000, 0x00000000e5600000, 0x00000000f5580000)
  object space 88064K, 59% used [0x00000000e0000000,0x00000000e335e330,0x00000000e5600000)
 Metaspace       used 91142K, capacity 97686K, committed 97880K, reserved 1134592K
  class space    used 11057K, capacity 13046K, committed 13144K, reserved 1048576K
Event: 1452.459 GC heap after
Heap after GC invocations=47 (full 6):
 PSYoungGen      total 71680K, used 7634K [0x00000000f5580000, 0x00000000fab00000, 0x0000000100000000)
  eden space 64000K, 0% used [0x00000000f5580000,0x00000000f5580000,0x00000000f9400000)
  from space 7680K, 99% used [0x00000000f9580000,0x00000000f9cf4bf0,0x00000000f9d00000)
  to   space 11776K, 0% used [0x00000000f9f80000,0x00000000f9f80000,0x00000000fab00000)
 ParOldGen       total 88064K, used 52632K [0x00000000e0000000, 0x00000000e5600000, 0x00000000f5580000)
  object space 88064K, 59% used [0x00000000e0000000,0x00000000e3366330,0x00000000e5600000)
 Metaspace       used 91142K, capacity 97686K, committed 97880K, reserved 1134592K
  class space    used 11057K, capacity 13046K, committed 13144K, reserved 1048576K
}
Event: 1562.860 GC heap before
{Heap before GC invocations=48 (full 6):
 PSYoungGen      total 71680K, used 71634K [0x00000000f5580000, 0x00000000fab00000, 0x0000000100000000)
  eden space 64000K, 100% used [0x00000000f5580000,0x00000000f9400000,0x00000000f9400000)
  from space 7680K, 99% used [0x00000000f9580000,0x00000000f9cf4bf0,0x00000000f9d00000)
  to   space 11776K, 0% used [0x00000000f9f80000,0x00000000f9f80000,0x00000000fab00000)
 ParOldGen       total 88064K, used 52632K [0x00000000e0000000, 0x00000000e5600000, 0x00000000f5580000)
  object space 88064K, 59% used [0x00000000e0000000,0x00000000e3366330,0x00000000e5600000)
 Metaspace       used 91425K, capacity 97830K, committed 98136K, reserved 1134592K
  class space    used 11083K, capacity 13048K, committed 13144K, reserved 1048576K
Event: 1562.868 GC heap after
Heap after GC invocations=48 (full 6):
 PSYoungGen      total 71680K, used 7443K [0x00000000f5580000, 0x00000000fa880000, 0x0000000100000000)
  eden space 62464K, 0% used [0x00000000f5580000,0x00000000f5580000,0x00000000f9280000)
  from space 9216K, 80% used [0x00000000f9f80000,0x00000000fa6c4fc8,0x00000000fa880000)
  to   space 11264K, 0% used [0x00000000f9280000,0x00000000f9280000,0x00000000f9d80000)
 ParOldGen       total 88064K, used 52672K [0x00000000e0000000, 0x00000000e5600000, 0x00000000f5580000)
  object space 88064K, 59% used [0x00000000e0000000,0x00000000e3370330,0x00000000e5600000)
 Metaspace       used 91425K, capacity 97830K, committed 98136K, reserved 1134592K
  class space    used 11083K, capacity 13048K, committed 13144K, reserved 1048576K
}

