# JRE version: Java(TM) SE Runtime Environment (8.0_25-b18) (build 1.8.0_25-b18)
# Java VM: Java HotSpot(TM) 64-Bit Server VM (25.25-b02 mixed mode windows-amd64 compressed oops)
Heap:
 PSYoungGen      total 77824K, used 47483K [0x00000000f5580000, 0x00000000fb080000, 0x0000000100000000)
  eden space 63488K, 74% used [0x00000000f5580000,0x00000000f83dec38,0x00000000f9380000)
  from space 14336K, 0% used [0x00000000fa280000,0x00000000fa280000,0x00000000fb080000)
  to   space 14848K, 0% used [0x00000000f9380000,0x00000000f9380000,0x00000000fa200000)
 ParOldGen       total 93184K, used 32494K [0x00000000e0000000, 0x00000000e5b00000, 0x00000000f5580000)
  object space 93184K, 34% used [0x00000000e0000000,0x00000000e1fbbaa0,0x00000000e5b00000)
 Metaspace       used 62473K, capacity 67438K, committed 67752K, reserved 1107968K
  class space    used 7695K, capacity 9268K, committed 9384K, reserved 1048576K
GC Heap History (10 events):
Event: 28.782 GC heap before
{Heap before GC invocations=14 (full 2):
 PSYoungGen      total 58368K, used 34615K [0x00000000f5580000, 0x00000000fa780000, 0x0000000100000000)
  eden space 45568K, 47% used [0x00000000f5580000,0x00000000f6ad57f0,0x00000000f8200000)
  from space 12800K, 99% used [0x00000000f8200000,0x00000000f8e785b0,0x00000000f8e80000)
  to   space 14336K, 0% used [0x00000000f9980000,0x00000000f9980000,0x00000000fa780000)
 ParOldGen       total 69632K, used 22587K [0x00000000e0000000, 0x00000000e4400000, 0x00000000f5580000)
  object space 69632K, 32% used [0x00000000e0000000,0x00000000e160ecb8,0x00000000e4400000)
 Metaspace       used 54105K, capacity 59086K, committed 59160K, reserved 1099776K
  class space    used 6767K, capacity 8347K, committed 8360K, reserved 1048576K
Event: 28.792 GC heap after
Heap after GC invocations=14 (full 2):
 PSYoungGen      total 68096K, used 13478K [0x00000000f5580000, 0x00000000fa900000, 0x0000000100000000)
  eden space 53760K, 0% used [0x00000000f5580000,0x00000000f5580000,0x00000000f8a00000)
  from space 14336K, 94% used [0x00000000f9980000,0x00000000fa6a9a08,0x00000000fa780000)
  to   space 15872K, 0% used [0x00000000f8a00000,0x00000000f8a00000,0x00000000f9980000)
 ParOldGen       total 69632K, used 22595K [0x00000000e0000000, 0x00000000e4400000, 0x00000000f5580000)
  object space 69632K, 32% used [0x00000000e0000000,0x00000000e1610cb8,0x00000000e4400000)
 Metaspace       used 54105K, capacity 59086K, committed 59160K, reserved 1099776K
  class space    used 6767K, capacity 8347K, committed 8360K, reserved 1048576K
}
Event: 28.792 GC heap before
{Heap before GC invocations=15 (full 3):
 PSYoungGen      total 68096K, used 13478K [0x00000000f5580000, 0x00000000fa900000, 0x0000000100000000)
  eden space 53760K, 0% used [0x00000000f5580000,0x00000000f5580000,0x00000000f8a00000)
  from space 14336K, 94% used [0x00000000f9980000,0x00000000fa6a9a08,0x00000000fa780000)
  to   space 15872K, 0% used [0x00000000f8a00000,0x00000000f8a00000,0x00000000f9980000)
 ParOldGen       total 69632K, used 22595K [0x00000000e0000000, 0x00000000e4400000, 0x00000000f5580000)
  object space 69632K, 32% used [0x00000000e0000000,0x00000000e1610cb8,0x00000000e4400000)
 Metaspace       used 54105K, capacity 59086K, committed 59160K, reserved 1099776K
  class space    used 6767K, capacity 8347K, committed 8360K, reserved 1048576K
Event: 28.939 GC heap after
Heap after GC invocations=15 (full 3):
 PSYoungGen      total 68096K, used 0K [0x00000000f5580000, 0x00000000fa900000, 0x0000000100000000)
  eden space 53760K, 0% used [0x00000000f5580000,0x00000000f5580000,0x00000000f8a00000)
  from space 14336K, 0% used [0x00000000f9980000,0x00000000f9980000,0x00000000fa780000)
  to   space 15872K, 0% used [0x00000000f8a00000,0x00000000f8a00000,0x00000000f9980000)
 ParOldGen       total 93184K, used 30556K [0x00000000e0000000, 0x00000000e5b00000, 0x00000000f5580000)
  object space 93184K, 32% used [0x00000000e0000000,0x00000000e1dd7360,0x00000000e5b00000)
 Metaspace       used 54105K, capacity 59086K, committed 59160K, reserved 1099776K
  class space    used 6767K, capacity 8347K, committed 8360K, reserved 1048576K
}
Event: 35.047 GC heap before
{Heap before GC invocations=16 (full 3):
 PSYoungGen      total 68096K, used 53760K [0x00000000f5580000, 0x00000000fa900000, 0x0000000100000000)
  eden space 53760K, 100% used [0x00000000f5580000,0x00000000f8a00000,0x00000000f8a00000)
  from space 14336K, 0% used [0x00000000f9980000,0x00000000f9980000,0x00000000fa780000)
  to   space 15872K, 0% used [0x00000000f8a00000,0x00000000f8a00000,0x00000000f9980000)
 ParOldGen       total 93184K, used 30556K [0x00000000e0000000, 0x00000000e5b00000, 0x00000000f5580000)
  object space 93184K, 32% used [0x00000000e0000000,0x00000000e1dd7360,0x00000000e5b00000)
 Metaspace       used 59479K, capacity 64586K, committed 64808K, reserved 1105920K
  class space    used 7362K, capacity 8902K, committed 9000K, reserved 1048576K
Event: 35.053 GC heap after
Heap after GC invocations=16 (full 3):
 PSYoungGen      total 69632K, used 8687K [0x00000000f5580000, 0x00000000fb180000, 0x0000000100000000)
  eden space 53760K, 0% used [0x00000000f5580000,0x00000000f5580000,0x00000000f8a00000)
  from space 15872K, 54% used [0x00000000f8a00000,0x00000000f927bf68,0x00000000f9980000)
  to   space 15360K, 0% used [0x00000000fa280000,0x00000000fa280000,0x00000000fb180000)
 ParOldGen       total 93184K, used 30564K [0x00000000e0000000, 0x00000000e5b00000, 0x00000000f5580000)
  object space 93184K, 32% used [0x00000000e0000000,0x00000000e1dd9360,0x00000000e5b00000)
 Metaspace       used 59479K, capacity 64586K, committed 64808K, reserved 1105920K
  class space    used 7362K, capacity 8902K, committed 9000K, reserved 1048576K
}
Event: 62.957 GC heap before
{Heap before GC invocations=17 (full 3):
 PSYoungGen      total 69632K, used 27495K [0x00000000f5580000, 0x00000000fb180000, 0x0000000100000000)
  eden space 53760K, 34% used [0x00000000f5580000,0x00000000f67de060,0x00000000f8a00000)
  from space 15872K, 54% used [0x00000000f8a00000,0x00000000f927bf68,0x00000000f9980000)
  to   space 15360K, 0% used [0x00000000fa280000,0x00000000fa280000,0x00000000fb180000)
 ParOldGen       total 93184K, used 30564K [0x00000000e0000000, 0x00000000e5b00000, 0x00000000f5580000)
  object space 93184K, 32% used [0x00000000e0000000,0x00000000e1dd9360,0x00000000e5b00000)
 Metaspace       used 60023K, capacity 64980K, committed 65064K, reserved 1105920K
  class space    used 7426K, capacity 8968K, committed 9000K, reserved 1048576K
Event: 62.962 GC heap after
Heap after GC invocations=17 (full 3):
 PSYoungGen      total 77824K, used 5632K [0x00000000f5580000, 0x00000000fb080000, 0x0000000100000000)
  eden space 63488K, 0% used [0x00000000f5580000,0x00000000f5580000,0x00000000f9380000)
  from space 14336K, 39% used [0x00000000fa280000,0x00000000fa800010,0x00000000fb080000)
  to   space 14848K, 0% used [0x00000000f9380000,0x00000000f9380000,0x00000000fa200000)
 ParOldGen       total 93184K, used 30572K [0x00000000e0000000, 0x00000000e5b00000, 0x00000000f5580000)
  object space 93184K, 32% used [0x00000000e0000000,0x00000000e1ddb360,0x00000000e5b00000)
 Metaspace       used 60023K, capacity 64980K, committed 65064K, reserved 1105920K
  class space    used 7426K, capacity 8968K, committed 9000K, reserved 1048576K
}
Event: 62.962 GC heap before
{Heap before GC invocations=18 (full 4):
 PSYoungGen      total 77824K, used 5632K [0x00000000f5580000, 0x00000000fb080000, 0x0000000100000000)
  eden space 63488K, 0% used [0x00000000f5580000,0x00000000f5580000,0x00000000f9380000)
  from space 14336K, 39% used [0x00000000fa280000,0x00000000fa800010,0x00000000fb080000)
  to   space 14848K, 0% used [0x00000000f9380000,0x00000000f9380000,0x00000000fa200000)
 ParOldGen       total 93184K, used 30572K [0x00000000e0000000, 0x00000000e5b00000, 0x00000000f5580000)
  object space 93184K, 32% used [0x00000000e0000000,0x00000000e1ddb360,0x00000000e5b00000)
 Metaspace       used 60023K, capacity 64980K, committed 65064K, reserved 1105920K
  class space    used 7426K, capacity 8968K, committed 9000K, reserved 1048576K
Event: 63.185 GC heap after
Heap after GC invocations=18 (full 4):
 PSYoungGen      total 77824K, used 0K [0x00000000f5580000, 0x00000000fb080000, 0x0000000100000000)
  eden space 63488K, 0% used [0x00000000f5580000,0x00000000f5580000,0x00000000f9380000)
  from space 14336K, 0% used [0x00000000fa280000,0x00000000fa280000,0x00000000fb080000)
  to   space 14848K, 0% used [0x00000000f9380000,0x00000000f9380000,0x00000000fa200000)
 ParOldGen       total 93184K, used 32494K [0x00000000e0000000, 0x00000000e5b00000, 0x00000000f5580000)
  object space 93184K, 34% used [0x00000000e0000000,0x00000000e1fbbaa0,0x00000000e5b00000)
 Metaspace       used 60023K, capacity 64980K, committed 65064K, reserved 1105920K
  class space    used 7426K, capacity 8968K, committed 9000K, reserved 1048576K
}

